
[ 2013-08-09T10:04:12+08:00 ]
运行时间:0.77509903907776

[ 2013-08-09T10:04:12+08:00 ]
内存消耗:171.2421875

###############[ 2013-08-09T10:04:12+08:00 ]###############

[ 2013-08-09T10:04:26+08:00 ]
运行时间:0.15802001953125

[ 2013-08-09T10:04:26+08:00 ]
内存消耗:171.234375

###############[ 2013-08-09T10:04:26+08:00 ]###############

[ 2013-08-09T10:04:56+08:00 ]
运行时间:0.18552303314209

[ 2013-08-09T10:04:56+08:00 ]
内存消耗:171.2421875

###############[ 2013-08-09T10:04:56+08:00 ]###############

[ 2013-08-09T13:08:04+08:00 ]
运行时间:0.85360884666443

[ 2013-08-09T13:08:04+08:00 ]
内存消耗:171.5703125

###############[ 2013-08-09T13:08:04+08:00 ]###############

[ 2013-08-09T13:08:13+08:00 ]
运行时间:0.14501905441284

[ 2013-08-09T13:08:13+08:00 ]
内存消耗:171.5859375

###############[ 2013-08-09T13:08:13+08:00 ]###############

[ 2013-08-09T13:08:19+08:00 ]
运行时间:0.14001798629761

[ 2013-08-09T13:08:19+08:00 ]
内存消耗:171.5859375

###############[ 2013-08-09T13:08:19+08:00 ]###############

[ 2013-08-09T13:08:22+08:00 ]
运行时间:0.030004024505615

[ 2013-08-09T13:08:22+08:00 ]
内存消耗:171.5859375

###############[ 2013-08-09T13:08:22+08:00 ]###############

[ 2013-08-09T13:08:25+08:00 ]
运行时间:0.034003973007202

[ 2013-08-09T13:08:25+08:00 ]
内存消耗:171.5859375

###############[ 2013-08-09T13:08:25+08:00 ]###############

[ 2013-08-09T13:08:29+08:00 ]
运行时间:0.029503107070923

[ 2013-08-09T13:08:29+08:00 ]
内存消耗:171.5859375

###############[ 2013-08-09T13:08:29+08:00 ]###############

[ 2013-08-09T13:09:28+08:00 ]
运行时间:0.025503158569336

[ 2013-08-09T13:09:28+08:00 ]
内存消耗:171.6171875

###############[ 2013-08-09T13:09:28+08:00 ]###############

[ 2013-08-09T13:10:25+08:00 ]
运行时间:1.0691361427307

[ 2013-08-09T13:10:25+08:00 ]
内存消耗:171.734375

###############[ 2013-08-09T13:10:25+08:00 ]###############

[ 2013-08-09T13:10:40+08:00 ]
运行时间:1.0431320667267

[ 2013-08-09T13:10:40+08:00 ]
内存消耗:171.71875

###############[ 2013-08-09T13:10:40+08:00 ]###############

[ 2013-08-09T13:11:02+08:00 ]
运行时间:1.0611350536346

[ 2013-08-09T13:11:02+08:00 ]
内存消耗:171.71875

###############[ 2013-08-09T13:11:02+08:00 ]###############

[ 2013-08-09T13:17:12+08:00 ]
运行时间:1.079638004303

[ 2013-08-09T13:17:12+08:00 ]
内存消耗:171.6328125

###############[ 2013-08-09T13:17:12+08:00 ]###############

[ 2013-08-09T13:38:20+08:00 ]
运行时间:1.6577110290527

[ 2013-08-09T13:38:20+08:00 ]
内存消耗:171.6015625

###############[ 2013-08-09T13:38:20+08:00 ]###############

[ 2013-08-09T13:39:42+08:00 ]
运行时间:0.051006078720093

[ 2013-08-09T13:39:42+08:00 ]
内存消耗:171.625

###############[ 2013-08-09T13:39:42+08:00 ]###############

[ 2013-08-09T13:40:05+08:00 ]
运行时间:0.047006130218506

[ 2013-08-09T13:40:05+08:00 ]
内存消耗:171.640625

###############[ 2013-08-09T13:40:05+08:00 ]###############

[ 2013-08-09T13:53:16+08:00 ]
运行时间:0.47156000137329

[ 2013-08-09T13:53:16+08:00 ]
内存消耗:171.6328125

###############[ 2013-08-09T13:53:16+08:00 ]###############

[ 2013-08-09T13:53:35+08:00 ]
运行时间:0.07050895690918

[ 2013-08-09T13:53:35+08:00 ]
内存消耗:171.640625

###############[ 2013-08-09T13:53:35+08:00 ]###############

[ 2013-08-09T13:55:24+08:00 ]
运行时间:101.63690710068

[ 2013-08-09T13:55:24+08:00 ]
内存消耗:194.34375

###############[ 2013-08-09T13:55:24+08:00 ]###############

[ 2013-08-09T13:56:46+08:00 ]
运行时间:48.860204935074

[ 2013-08-09T13:56:46+08:00 ]
内存消耗:193.9453125

###############[ 2013-08-09T13:56:46+08:00 ]###############

[ 2013-08-09T13:57:28+08:00 ]
运行时间:1.0686349868774

[ 2013-08-09T13:57:28+08:00 ]
内存消耗:173.3125

###############[ 2013-08-09T13:57:28+08:00 ]###############

[ 2013-08-09T13:57:43+08:00 ]
运行时间:1.2071540355682

[ 2013-08-09T13:57:43+08:00 ]
内存消耗:173.3125

###############[ 2013-08-09T13:57:43+08:00 ]###############

[ 2013-08-09T13:57:50+08:00 ]
运行时间:1.0741360187531

[ 2013-08-09T13:57:50+08:00 ]
内存消耗:173.3125

###############[ 2013-08-09T13:57:50+08:00 ]###############

[ 2013-08-09T13:57:55+08:00 ]
运行时间:1.0206289291382

[ 2013-08-09T13:57:55+08:00 ]
内存消耗:173.171875

###############[ 2013-08-09T13:57:55+08:00 ]###############

[ 2013-08-09T13:58:00+08:00 ]
运行时间:0.11851501464844

[ 2013-08-09T13:58:00+08:00 ]
内存消耗:173.21875

###############[ 2013-08-09T13:58:00+08:00 ]###############

[ 2013-08-09T13:58:26+08:00 ]
运行时间:0.023503065109253

[ 2013-08-09T13:58:26+08:00 ]
内存消耗:172.5

###############[ 2013-08-09T13:58:26+08:00 ]###############

[ 2013-08-09T13:58:28+08:00 ]
运行时间:0.01950216293335

[ 2013-08-09T13:58:28+08:00 ]
内存消耗:172.5

###############[ 2013-08-09T13:58:28+08:00 ]###############

[ 2013-08-09T14:00:20+08:00 ]
Default value for parameters with a class type hint can only be NULL (D:\wamp\www\eggPHP\MVC\Base\Model.php:114)
Stack trace:
#0 D:\wamp\www\eggPHP\Core\App.php(99): halt()
#1 D:\wamp\www\eggPHP\Core\App.php(158): appError()
#2 unknown(0): fatalError()
REQUEST_URI=/

[ 2013-08-09T14:00:20+08:00 ]
Default value for parameters with a class type hint can only be NULL (D:\wamp\www\eggPHP\MVC\Base\Model.php:114)
Stack trace:
#0 D:\wamp\www\eggPHP\Core\App.php(99): halt()
#1 D:\wamp\www\eggPHP\Core\App.php(158): appError()
#2 unknown(0): fatalError()
REQUEST_URI=/

[ 2013-08-09T14:00:20+08:00 ]
运行时间:0.14251804351807

[ 2013-08-09T14:00:20+08:00 ]
内存消耗:192.96875

###############[ 2013-08-09T14:00:20+08:00 ]###############

[ 2013-08-09T14:02:31+08:00 ]
运行时间:0.037504911422729

[ 2013-08-09T14:02:31+08:00 ]
内存消耗:215.1796875

###############[ 2013-08-09T14:02:31+08:00 ]###############

[ 2013-08-09T14:02:34+08:00 ]
运行时间:0.043004989624023

[ 2013-08-09T14:02:34+08:00 ]
内存消耗:215.1796875

###############[ 2013-08-09T14:02:34+08:00 ]###############

[ 2013-08-09T14:04:11+08:00 ]
运行时间:0.052507162094116

[ 2013-08-09T14:04:11+08:00 ]
内存消耗:215.1796875

###############[ 2013-08-09T14:04:11+08:00 ]###############

[ 2013-08-09T14:04:42+08:00 ]
运行时间:0.024003028869629

[ 2013-08-09T14:04:42+08:00 ]
内存消耗:215.328125

###############[ 2013-08-09T14:04:42+08:00 ]###############

[ 2013-08-09T14:04:56+08:00 ]
运行时间:0.031504154205322

[ 2013-08-09T14:04:56+08:00 ]
内存消耗:215.328125

###############[ 2013-08-09T14:04:56+08:00 ]###############

[ 2013-08-09T14:05:22+08:00 ]
运行时间:0.019501924514771

[ 2013-08-09T14:05:22+08:00 ]
内存消耗:215.4453125

###############[ 2013-08-09T14:05:22+08:00 ]###############

[ 2013-08-09T14:05:39+08:00 ]
运行时间:0.047505855560303

[ 2013-08-09T14:05:39+08:00 ]
内存消耗:215.328125

###############[ 2013-08-09T14:05:39+08:00 ]###############

[ 2013-08-09T14:13:14+08:00 ]
运行时间:447.98688697815

[ 2013-08-09T14:13:14+08:00 ]
内存消耗:247.671875

###############[ 2013-08-09T14:13:14+08:00 ]###############

[ 2013-08-09T14:13:52+08:00 ]
Access to undeclared static property: Model::$_db_config_array (D:\wamp\www\eggPHP\MVC\Base\Model.php:234)
Stack trace:
#0 D:\wamp\www\eggPHP\Core\App.php(99): halt()
#1 D:\wamp\www\eggPHP\Core\App.php(158): appError()
#2 unknown(0): fatalError()
REQUEST_URI=/?XDEBUG_SESSION_START=netbeans-xdebug

[ 2013-08-09T14:13:52+08:00 ]
Access to undeclared static property: Model::$_db_config_array (D:\wamp\www\eggPHP\MVC\Base\Model.php:234)
Stack trace:
#0 D:\wamp\www\eggPHP\Core\App.php(99): halt()
#1 D:\wamp\www\eggPHP\Core\App.php(158): appError()
#2 unknown(0): fatalError()
REQUEST_URI=/?XDEBUG_SESSION_START=netbeans-xdebug

[ 2013-08-09T14:13:52+08:00 ]
运行时间:0.37954783439636

[ 2013-08-09T14:13:52+08:00 ]
内存消耗:208.84375

###############[ 2013-08-09T14:13:52+08:00 ]###############

[ 2013-08-09T14:13:52+08:00 ]
Access to undeclared static property: Model::$_db_config_array (D:\wamp\www\eggPHP\MVC\Base\Model.php:234)
Stack trace:
#0 D:\wamp\www\eggPHP\Core\App.php(99): halt()
#1 D:\wamp\www\eggPHP\Core\App.php(158): appError()
#2 unknown(0): fatalError()
REQUEST_URI=/?XDEBUG_SESSION_START=netbeans-xdebug

[ 2013-08-09T14:13:52+08:00 ]
Access to undeclared static property: Model::$_db_config_array (D:\wamp\www\eggPHP\MVC\Base\Model.php:234)
Stack trace:
#0 D:\wamp\www\eggPHP\Core\App.php(99): halt()
#1 D:\wamp\www\eggPHP\Core\App.php(158): appError()
#2 unknown(0): fatalError()
REQUEST_URI=/

[ 2013-08-09T14:13:52+08:00 ]
Access to undeclared static property: Model::$_db_config_array (D:\wamp\www\eggPHP\MVC\Base\Model.php:234)
Stack trace:
#0 D:\wamp\www\eggPHP\Core\App.php(99): halt()
#1 D:\wamp\www\eggPHP\Core\App.php(158): appError()
#2 unknown(0): fatalError()
REQUEST_URI=/

[ 2013-08-09T14:13:52+08:00 ]
Access to undeclared static property: Model::$_db_config_array (D:\wamp\www\eggPHP\MVC\Base\Model.php:234)
Stack trace:
#0 D:\wamp\www\eggPHP\Core\App.php(99): halt()
#1 D:\wamp\www\eggPHP\Core\App.php(158): appError()
#2 unknown(0): fatalError()
REQUEST_URI=/?XDEBUG_SESSION_START=netbeans-xdebug

[ 2013-08-09T14:13:52+08:00 ]
运行时间:0.40155100822449

[ 2013-08-09T14:13:52+08:00 ]
内存消耗:208.84375

[ 2013-08-09T14:13:52+08:00 ]
运行时间:0.39455008506775

###############[ 2013-08-09T14:13:52+08:00 ]###############

[ 2013-08-09T14:13:52+08:00 ]
内存消耗:208.84375

###############[ 2013-08-09T14:13:52+08:00 ]###############

[ 2013-08-09T14:14:47+08:00 ]
Access to undeclared static property: Model::$_db_config_array (D:\wamp\www\eggPHP\MVC\Base\Model.php:234)
Stack trace:
#0 D:\wamp\www\eggPHP\Core\App.php(99): halt()
#1 D:\wamp\www\eggPHP\Core\App.php(158): appError()
#2 unknown(0): fatalError()
REQUEST_URI=/?XDEBUG_SESSION_START=netbeans-xdebug

[ 2013-08-09T14:14:47+08:00 ]
Access to undeclared static property: Model::$_db_config_array (D:\wamp\www\eggPHP\MVC\Base\Model.php:234)
Stack trace:
#0 D:\wamp\www\eggPHP\Core\App.php(99): halt()
#1 D:\wamp\www\eggPHP\Core\App.php(158): appError()
#2 unknown(0): fatalError()
REQUEST_URI=/?XDEBUG_SESSION_START=netbeans-xdebug

[ 2013-08-09T14:14:47+08:00 ]
运行时间:0.028003931045532

[ 2013-08-09T14:14:47+08:00 ]
内存消耗:208.953125

###############[ 2013-08-09T14:14:47+08:00 ]###############

[ 2013-08-09T14:14:50+08:00 ]
Access to undeclared static property: Model::$_db_config_array (D:\wamp\www\eggPHP\MVC\Base\Model.php:234)
Stack trace:
#0 D:\wamp\www\eggPHP\Core\App.php(99): halt()
#1 D:\wamp\www\eggPHP\Core\App.php(158): appError()
#2 unknown(0): fatalError()
REQUEST_URI=/

[ 2013-08-09T14:14:50+08:00 ]
Access to undeclared static property: Model::$_db_config_array (D:\wamp\www\eggPHP\MVC\Base\Model.php:234)
Stack trace:
#0 D:\wamp\www\eggPHP\Core\App.php(99): halt()
#1 D:\wamp\www\eggPHP\Core\App.php(158): appError()
#2 unknown(0): fatalError()
REQUEST_URI=/

[ 2013-08-09T14:14:50+08:00 ]
运行时间:0.030004024505615

[ 2013-08-09T14:14:50+08:00 ]
内存消耗:208.921875

###############[ 2013-08-09T14:14:50+08:00 ]###############

[ 2013-08-09T14:15:10+08:00 ]
Access to undeclared static property: Model::$_db_config_array (D:\wamp\www\eggPHP\MVC\Base\Model.php:234)
Stack trace:
#0 D:\wamp\www\eggPHP\Core\App.php(99): halt()
#1 D:\wamp\www\eggPHP\Core\App.php(158): appError()
#2 unknown(0): fatalError()
REQUEST_URI=/

[ 2013-08-09T14:15:10+08:00 ]
Access to undeclared static property: Model::$_db_config_array (D:\wamp\www\eggPHP\MVC\Base\Model.php:234)
Stack trace:
#0 D:\wamp\www\eggPHP\Core\App.php(99): halt()
#1 D:\wamp\www\eggPHP\Core\App.php(158): appError()
#2 unknown(0): fatalError()
REQUEST_URI=/

[ 2013-08-09T14:15:10+08:00 ]
运行时间:0.044006109237671

[ 2013-08-09T14:15:10+08:00 ]
内存消耗:208.921875

###############[ 2013-08-09T14:15:10+08:00 ]###############

[ 2013-08-09T14:16:04+08:00 ]
Access to undeclared static property: Model::$_db_config_array (D:\wamp\www\eggPHP\MVC\Base\Model.php:234)
Stack trace:
#0 D:\wamp\www\eggPHP\Core\App.php(99): halt()
#1 D:\wamp\www\eggPHP\Core\App.php(158): appError()
#2 unknown(0): fatalError()
REQUEST_URI=/

[ 2013-08-09T14:16:04+08:00 ]
Access to undeclared static property: Model::$_db_config_array (D:\wamp\www\eggPHP\MVC\Base\Model.php:234)
Stack trace:
#0 D:\wamp\www\eggPHP\Core\App.php(99): halt()
#1 D:\wamp\www\eggPHP\Core\App.php(158): appError()
#2 unknown(0): fatalError()
REQUEST_URI=/

[ 2013-08-09T14:16:04+08:00 ]
运行时间:0.042505025863647

[ 2013-08-09T14:16:04+08:00 ]
内存消耗:208.9921875

###############[ 2013-08-09T14:16:04+08:00 ]###############

[ 2013-08-09T14:18:03+08:00 ]
运行时间:1.1116411685944

[ 2013-08-09T14:18:03+08:00 ]
内存消耗:219.7734375

###############[ 2013-08-09T14:18:03+08:00 ]###############

[ 2013-08-09T14:19:24+08:00 ]
运行时间:1.0666348934174

[ 2013-08-09T14:19:24+08:00 ]
内存消耗:220.25

###############[ 2013-08-09T14:19:24+08:00 ]###############

[ 2013-08-09T14:19:30+08:00 ]
运行时间:1.0486330986023

[ 2013-08-09T14:19:30+08:00 ]
内存消耗:220.25

###############[ 2013-08-09T14:19:30+08:00 ]###############

[ 2013-08-09T14:27:50+08:00 ]
运行时间:1.0936391353607

[ 2013-08-09T14:27:50+08:00 ]
内存消耗:220.25

###############[ 2013-08-09T14:27:50+08:00 ]###############

[ 2013-08-09T14:33:22+08:00 ]
运行时间:2.0782639980316

[ 2013-08-09T14:33:22+08:00 ]
内存消耗:217.2421875

###############[ 2013-08-09T14:33:22+08:00 ]###############

[ 2013-08-09T14:33:28+08:00 ]
运行时间:2.0827639102936

[ 2013-08-09T14:33:28+08:00 ]
内存消耗:217.2421875

###############[ 2013-08-09T14:33:28+08:00 ]###############

[ 2013-08-09T14:33:33+08:00 ]
运行时间:0.023503065109253

[ 2013-08-09T14:33:33+08:00 ]
内存消耗:217.203125

###############[ 2013-08-09T14:33:33+08:00 ]###############

[ 2013-08-09T14:33:38+08:00 ]
运行时间:0.036005020141602

[ 2013-08-09T14:33:38+08:00 ]
内存消耗:217.203125

###############[ 2013-08-09T14:33:38+08:00 ]###############

[ 2013-08-09T14:33:38+08:00 ]
运行时间:0.02150297164917

[ 2013-08-09T14:33:38+08:00 ]
内存消耗:217.203125

###############[ 2013-08-09T14:33:38+08:00 ]###############

[ 2013-08-09T14:33:38+08:00 ]
运行时间:0.02150297164917

[ 2013-08-09T14:33:38+08:00 ]
内存消耗:217.203125

###############[ 2013-08-09T14:33:38+08:00 ]###############

[ 2013-08-09T14:33:38+08:00 ]
运行时间:0.02750301361084

[ 2013-08-09T14:33:38+08:00 ]
内存消耗:217.203125

###############[ 2013-08-09T14:33:38+08:00 ]###############

[ 2013-08-09T14:34:05+08:00 ]
运行时间:0.070008993148804

[ 2013-08-09T14:34:05+08:00 ]
内存消耗:217.2578125

###############[ 2013-08-09T14:34:05+08:00 ]###############

[ 2013-08-09T14:36:37+08:00 ]
运行时间:54.599432945251

[ 2013-08-09T14:36:39+08:00 ]
内存消耗:219.2578125

###############[ 2013-08-09T14:36:50+08:00 ]###############

[ 2013-08-09T14:38:51+08:00 ]
运行时间:80.298196077347

[ 2013-08-09T14:38:51+08:00 ]
内存消耗:218.328125

###############[ 2013-08-09T14:38:51+08:00 ]###############

[ 2013-08-09T14:39:09+08:00 ]
运行时间:13.306689023972

[ 2013-08-09T14:39:11+08:00 ]
内存消耗:219.734375

###############[ 2013-08-09T14:39:35+08:00 ]###############

[ 2013-08-09T14:41:34+08:00 ]
运行时间:101.46038389206

[ 2013-08-09T14:41:34+08:00 ]
内存消耗:218.7890625

###############[ 2013-08-09T14:41:34+08:00 ]###############

[ 2013-08-09T14:41:47+08:00 ]
运行时间:2.0347588062286

[ 2013-08-09T14:41:47+08:00 ]
内存消耗:217.15625

###############[ 2013-08-09T14:41:47+08:00 ]###############

[ 2013-08-09T14:41:50+08:00 ]
运行时间:2.0612621307373

[ 2013-08-09T14:41:50+08:00 ]
内存消耗:216.8984375

###############[ 2013-08-09T14:41:50+08:00 ]###############

[ 2013-08-09T14:41:52+08:00 ]
运行时间:0.026503086090088

[ 2013-08-09T14:41:52+08:00 ]
内存消耗:216.875

###############[ 2013-08-09T14:41:52+08:00 ]###############

[ 2013-08-09T14:45:37+08:00 ]
配置中的数据库驱动不存在 (D:\wamp\www\eggPHP\Core\Db.php:78)
Stack trace:
#0 D:\wamp\www\eggPHP\Core\App.php(103): halt()
#1 D:\wamp\www\eggPHP\Core\App.php(79): appError()
#2 unknown(0): appException()
REQUEST_URI=/index.php/dwqdwq/dq

[ 2013-08-09T14:45:37+08:00 ]
配置中的数据库驱动不存在 (D:\wamp\www\eggPHP\Core\Db.php:78)
Stack trace:
#0 D:\wamp\www\eggPHP\Core\App.php(103): halt()
#1 D:\wamp\www\eggPHP\Core\App.php(79): appError()
#2 unknown(0): appException()
REQUEST_URI=/index.php/dwqdwq/dq

[ 2013-08-09T14:45:37+08:00 ]
运行时间:0.031003952026367

[ 2013-08-09T14:45:37+08:00 ]
内存消耗:217.484375

###############[ 2013-08-09T14:45:37+08:00 ]###############

[ 2013-08-09T14:46:19+08:00 ]
配置中的数据库驱动不存在 (D:\wamp\www\eggPHP\Core\Db.php:78)
Stack trace:
#0 D:\wamp\www\eggPHP\Core\App.php(103): halt()
#1 D:\wamp\www\eggPHP\Core\App.php(79): appError()
#2 unknown(0): appException()
REQUEST_URI=/index.php/dwqdwq/dq

[ 2013-08-09T14:46:19+08:00 ]
配置中的数据库驱动不存在 (D:\wamp\www\eggPHP\Core\Db.php:78)
Stack trace:
#0 D:\wamp\www\eggPHP\Core\App.php(103): halt()
#1 D:\wamp\www\eggPHP\Core\App.php(79): appError()
#2 unknown(0): appException()
REQUEST_URI=/index.php/dwqdwq/dq

[ 2013-08-09T14:46:19+08:00 ]
运行时间:0.026002883911133

[ 2013-08-09T14:46:19+08:00 ]
内存消耗:217.3828125

###############[ 2013-08-09T14:46:19+08:00 ]###############

[ 2013-08-09T14:46:43+08:00 ]
配置中的数据库驱动不存在 (D:\wamp\www\eggPHP\Core\Db.php:78)
Stack trace:
#0 D:\wamp\www\eggPHP\Core\App.php(103): halt()
#1 D:\wamp\www\eggPHP\Core\App.php(79): appError()
#2 unknown(0): appException()
REQUEST_URI=/index.php/dwqdwq/dq

[ 2013-08-09T14:46:43+08:00 ]
配置中的数据库驱动不存在 (D:\wamp\www\eggPHP\Core\Db.php:78)
Stack trace:
#0 D:\wamp\www\eggPHP\Core\App.php(103): halt()
#1 D:\wamp\www\eggPHP\Core\App.php(79): appError()
#2 unknown(0): appException()
REQUEST_URI=/index.php/dwqdwq/dq

[ 2013-08-09T14:46:43+08:00 ]
运行时间:0.032004117965698

[ 2013-08-09T14:46:43+08:00 ]
内存消耗:217.3828125

###############[ 2013-08-09T14:46:43+08:00 ]###############

[ 2013-08-09T14:46:44+08:00 ]
配置中的数据库驱动不存在 (D:\wamp\www\eggPHP\Core\Db.php:78)
Stack trace:
#0 D:\wamp\www\eggPHP\Core\App.php(103): halt()
#1 D:\wamp\www\eggPHP\Core\App.php(79): appError()
#2 unknown(0): appException()
REQUEST_URI=/index.php/dwqdwq/dq

[ 2013-08-09T14:46:44+08:00 ]
配置中的数据库驱动不存在 (D:\wamp\www\eggPHP\Core\Db.php:78)
Stack trace:
#0 D:\wamp\www\eggPHP\Core\App.php(103): halt()
#1 D:\wamp\www\eggPHP\Core\App.php(79): appError()
#2 unknown(0): appException()
REQUEST_URI=/index.php/dwqdwq/dq

[ 2013-08-09T14:46:44+08:00 ]
运行时间:0.038005113601685

[ 2013-08-09T14:46:44+08:00 ]
内存消耗:217.3828125

###############[ 2013-08-09T14:46:44+08:00 ]###############

[ 2013-08-09T14:46:51+08:00 ]
配置中的数据库驱动不存在 (D:\wamp\www\eggPHP\Core\Db.php:78)
Stack trace:
#0 D:\wamp\www\eggPHP\Core\App.php(103): halt()
#1 D:\wamp\www\eggPHP\Core\App.php(79): appError()
#2 unknown(0): appException()
REQUEST_URI=/index.php/dwqdwq/dq

[ 2013-08-09T14:46:51+08:00 ]
配置中的数据库驱动不存在 (D:\wamp\www\eggPHP\Core\Db.php:78)
Stack trace:
#0 D:\wamp\www\eggPHP\Core\App.php(103): halt()
#1 D:\wamp\www\eggPHP\Core\App.php(79): appError()
#2 unknown(0): appException()
REQUEST_URI=/index.php/dwqdwq/dq

[ 2013-08-09T14:46:51+08:00 ]
运行时间:0.02750301361084

[ 2013-08-09T14:46:51+08:00 ]
内存消耗:217.3828125

###############[ 2013-08-09T14:46:51+08:00 ]###############

[ 2013-08-09T14:52:10+08:00 ]
配置中的数据库驱动不存在 (D:\wamp\www\eggPHP\Core\Db.php:78)
Stack trace:
#0 D:\wamp\www\eggPHP\Core\App.php(103): halt()
#1 D:\wamp\www\eggPHP\Core\App.php(79): appError()
#2 unknown(0): appException()
REQUEST_URI=/?XDEBUG_SESSION_START=netbeans-xdebug

[ 2013-08-09T14:52:10+08:00 ]
配置中的数据库驱动不存在 (D:\wamp\www\eggPHP\Core\Db.php:78)
Stack trace:
#0 D:\wamp\www\eggPHP\Core\App.php(103): halt()
#1 D:\wamp\www\eggPHP\Core\App.php(79): appError()
#2 unknown(0): appException()
REQUEST_URI=/?XDEBUG_SESSION_START=netbeans-xdebug

[ 2013-08-09T14:52:10+08:00 ]
运行时间:262.84837698936

[ 2013-08-09T14:52:10+08:00 ]
内存消耗:268.3515625

###############[ 2013-08-09T14:52:10+08:00 ]###############

[ 2013-08-09T14:52:20+08:00 ]
配置中的数据库驱动不存在 (D:\wamp\www\eggPHP\Core\Db.php:78)
Stack trace:
#0 D:\wamp\www\eggPHP\Core\App.php(103): halt()
#1 D:\wamp\www\eggPHP\Core\App.php(79): appError()
#2 unknown(0): appException()
REQUEST_URI=/?XDEBUG_SESSION_START=netbeans-xdebug

[ 2013-08-09T14:52:20+08:00 ]
配置中的数据库驱动不存在 (D:\wamp\www\eggPHP\Core\Db.php:78)
Stack trace:
#0 D:\wamp\www\eggPHP\Core\App.php(103): halt()
#1 D:\wamp\www\eggPHP\Core\App.php(79): appError()
#2 unknown(0): appException()
REQUEST_URI=/?XDEBUG_SESSION_START=netbeans-xdebug

[ 2013-08-09T14:52:20+08:00 ]
运行时间:0.058507919311523

[ 2013-08-09T14:52:20+08:00 ]
内存消耗:217.5546875

###############[ 2013-08-09T14:52:20+08:00 ]###############

[ 2013-08-09T14:52:37+08:00 ]
配置中的数据库驱动不存在 (D:\wamp\www\eggPHP\Core\Db.php:78)
Stack trace:
#0 D:\wamp\www\eggPHP\Core\App.php(103): halt()
#1 D:\wamp\www\eggPHP\Core\App.php(79): appError()
#2 unknown(0): appException()
REQUEST_URI=/?XDEBUG_SESSION_START=netbeans-xdebug

[ 2013-08-09T14:52:37+08:00 ]
配置中的数据库驱动不存在 (D:\wamp\www\eggPHP\Core\Db.php:78)
Stack trace:
#0 D:\wamp\www\eggPHP\Core\App.php(103): halt()
#1 D:\wamp\www\eggPHP\Core\App.php(79): appError()
#2 unknown(0): appException()
REQUEST_URI=/?XDEBUG_SESSION_START=netbeans-xdebug

[ 2013-08-09T14:52:37+08:00 ]
运行时间:9.4972059726715

[ 2013-08-09T14:52:37+08:00 ]
内存消耗:217.5703125

###############[ 2013-08-09T14:52:37+08:00 ]###############

[ 2013-08-09T14:53:49+08:00 ]
配置中的数据库驱动不存在 (D:\wamp\www\eggPHP\Core\Db.php:78)
Stack trace:
#0 D:\wamp\www\eggPHP\Core\App.php(103): halt()
#1 D:\wamp\www\eggPHP\Core\App.php(79): appError()
#2 unknown(0): appException()
REQUEST_URI=/?XDEBUG_SESSION_START=netbeans-xdebug

[ 2013-08-09T14:53:49+08:00 ]
配置中的数据库驱动不存在 (D:\wamp\www\eggPHP\Core\Db.php:78)
Stack trace:
#0 D:\wamp\www\eggPHP\Core\App.php(103): halt()
#1 D:\wamp\www\eggPHP\Core\App.php(79): appError()
#2 unknown(0): appException()
REQUEST_URI=/?XDEBUG_SESSION_START=netbeans-xdebug

[ 2013-08-09T14:53:55+08:00 ]
运行时间:71.525582075119

[ 2013-08-09T14:53:55+08:00 ]
内存消耗:229.21875

###############[ 2013-08-09T14:53:55+08:00 ]###############

[ 2013-08-09T14:54:13+08:00 ]
配置中的数据库驱动不存在 (D:\wamp\www\eggPHP\Core\Db.php:78)
Stack trace:
#0 D:\wamp\www\eggPHP\Core\App.php(105): halt()
#1 D:\wamp\www\eggPHP\Core\App.php(81): appError()
#2 unknown(0): appException()
REQUEST_URI=/?XDEBUG_SESSION_START=netbeans-xdebug

[ 2013-08-09T14:54:13+08:00 ]
配置中的数据库驱动不存在 (D:\wamp\www\eggPHP\Core\Db.php:78)
Stack trace:
#0 D:\wamp\www\eggPHP\Core\App.php(105): halt()
#1 D:\wamp\www\eggPHP\Core\App.php(81): appError()
#2 unknown(0): appException()
REQUEST_URI=/?XDEBUG_SESSION_START=netbeans-xdebug

[ 2013-08-09T14:54:13+08:00 ]
运行时间:13.883262872696

[ 2013-08-09T14:54:13+08:00 ]
内存消耗:218.484375

###############[ 2013-08-09T14:54:13+08:00 ]###############

[ 2013-08-09T14:58:34+08:00 ]
配置中的数据库驱动不存在 (D:\wamp\www\eggPHP\Core\Db.php:78)
Stack trace:
#0 D:\wamp\www\eggPHP\Core\App.php(105): halt()
#1 D:\wamp\www\eggPHP\Core\App.php(81): appError()
#2 unknown(0): appException()
REQUEST_URI=/?XDEBUG_SESSION_START=netbeans-xdebug

[ 2013-08-09T14:58:34+08:00 ]
配置中的数据库驱动不存在 (D:\wamp\www\eggPHP\Core\Db.php:78)
Stack trace:
#0 D:\wamp\www\eggPHP\Core\App.php(105): halt()
#1 D:\wamp\www\eggPHP\Core\App.php(81): appError()
#2 unknown(0): appException()
REQUEST_URI=/?XDEBUG_SESSION_START=netbeans-xdebug

[ 2013-08-09T14:58:34+08:00 ]
运行时间:256.49557089806

[ 2013-08-09T14:58:34+08:00 ]
内存消耗:272.8515625

###############[ 2013-08-09T14:58:34+08:00 ]###############

[ 2013-08-09T15:01:11+08:00 ]
配置中的数据库驱动不存在 (D:\wamp\www\eggPHP\Core\Db.php:78)
Stack trace:
#0 D:\wamp\www\eggPHP\Core\App.php(105): halt()
#1 D:\wamp\www\eggPHP\Core\App.php(81): appError()
#2 unknown(0): appException()
REQUEST_URI=/?XDEBUG_SESSION_START=netbeans-xdebug

[ 2013-08-09T15:01:11+08:00 ]
配置中的数据库驱动不存在 (D:\wamp\www\eggPHP\Core\Db.php:78)
Stack trace:
#0 D:\wamp\www\eggPHP\Core\App.php(105): halt()
#1 D:\wamp\www\eggPHP\Core\App.php(81): appError()
#2 unknown(0): appException()
REQUEST_URI=/?XDEBUG_SESSION_START=netbeans-xdebug

[ 2013-08-09T15:01:13+08:00 ]
运行时间:154.03856110573

[ 2013-08-09T15:01:13+08:00 ]
内存消耗:278.390625

###############[ 2013-08-09T15:01:13+08:00 ]###############

[ 2013-08-09T15:02:27+08:00 ]
配置中的数据库驱动不存在 (D:\wamp\www\eggPHP\Core\Db.php:78)
Stack trace:
#0 D:\wamp\www\eggPHP\Core\App.php(105): halt()
#1 D:\wamp\www\eggPHP\Core\App.php(81): appError()
#2 unknown(0): appException()
REQUEST_URI=/

[ 2013-08-09T15:02:27+08:00 ]
配置中的数据库驱动不存在 (D:\wamp\www\eggPHP\Core\Db.php:78)
Stack trace:
#0 D:\wamp\www\eggPHP\Core\App.php(105): halt()
#1 D:\wamp\www\eggPHP\Core\App.php(81): appError()
#2 unknown(0): appException()
REQUEST_URI=/

[ 2013-08-09T15:02:28+08:00 ]
运行时间:2.0377588272095

[ 2013-08-09T15:02:28+08:00 ]
内存消耗:217.515625

###############[ 2013-08-09T15:02:28+08:00 ]###############

[ 2013-08-09T15:02:35+08:00 ]
配置中的数据库驱动不存在 (D:\wamp\www\eggPHP\Core\Db.php:78)
Stack trace:
#0 D:\wamp\www\eggPHP\Core\App.php(105): halt()
#1 D:\wamp\www\eggPHP\Core\App.php(81): appError()
#2 unknown(0): appException()
REQUEST_URI=/

[ 2013-08-09T15:02:35+08:00 ]
配置中的数据库驱动不存在 (D:\wamp\www\eggPHP\Core\Db.php:78)
Stack trace:
#0 D:\wamp\www\eggPHP\Core\App.php(105): halt()
#1 D:\wamp\www\eggPHP\Core\App.php(81): appError()
#2 unknown(0): appException()
REQUEST_URI=/

[ 2013-08-09T15:02:35+08:00 ]
运行时间:0.024502992630005

[ 2013-08-09T15:02:35+08:00 ]
内存消耗:217.5

###############[ 2013-08-09T15:02:35+08:00 ]###############

[ 2013-08-09T15:02:38+08:00 ]
配置中的数据库驱动不存在 (D:\wamp\www\eggPHP\Core\Db.php:78)
Stack trace:
#0 D:\wamp\www\eggPHP\Core\App.php(105): halt()
#1 D:\wamp\www\eggPHP\Core\App.php(81): appError()
#2 unknown(0): appException()
REQUEST_URI=/

[ 2013-08-09T15:02:38+08:00 ]
配置中的数据库驱动不存在 (D:\wamp\www\eggPHP\Core\Db.php:78)
Stack trace:
#0 D:\wamp\www\eggPHP\Core\App.php(105): halt()
#1 D:\wamp\www\eggPHP\Core\App.php(81): appError()
#2 unknown(0): appException()
REQUEST_URI=/

[ 2013-08-09T15:02:38+08:00 ]
运行时间:0.023003101348877

[ 2013-08-09T15:02:38+08:00 ]
内存消耗:217.5

###############[ 2013-08-09T15:02:38+08:00 ]###############

[ 2013-08-09T15:03:07+08:00 ]
配置中的数据库驱动不存在 (D:\wamp\www\eggPHP\Core\Db.php:78)
Stack trace:
#0 D:\wamp\www\eggPHP\Core\App.php(105): halt()
#1 D:\wamp\www\eggPHP\Core\App.php(81): appError()
#2 unknown(0): appException()
REQUEST_URI=/?XDEBUG_SESSION_START=netbeans-xdebug

[ 2013-08-09T15:03:07+08:00 ]
配置中的数据库驱动不存在 (D:\wamp\www\eggPHP\Core\Db.php:78)
Stack trace:
#0 D:\wamp\www\eggPHP\Core\App.php(105): halt()
#1 D:\wamp\www\eggPHP\Core\App.php(81): appError()
#2 unknown(0): appException()
REQUEST_URI=/?XDEBUG_SESSION_START=netbeans-xdebug

[ 2013-08-09T15:03:07+08:00 ]
运行时间:0.06050705909729

[ 2013-08-09T15:03:07+08:00 ]
内存消耗:217.734375

###############[ 2013-08-09T15:03:07+08:00 ]###############

[ 2013-08-09T15:04:24+08:00 ]
配置中的数据库驱动不存在 (D:\wamp\www\eggPHP\Core\Db.php:78)
Stack trace:
#0 D:\wamp\www\eggPHP\Core\App.php(105): halt()
#1 D:\wamp\www\eggPHP\Core\App.php(81): appError()
#2 unknown(0): appException()
REQUEST_URI=/?XDEBUG_SESSION_START=netbeans-xdebug

[ 2013-08-09T15:04:24+08:00 ]
配置中的数据库驱动不存在 (D:\wamp\www\eggPHP\Core\Db.php:78)
Stack trace:
#0 D:\wamp\www\eggPHP\Core\App.php(105): halt()
#1 D:\wamp\www\eggPHP\Core\App.php(81): appError()
#2 unknown(0): appException()
REQUEST_URI=/?XDEBUG_SESSION_START=netbeans-xdebug

[ 2013-08-09T15:04:24+08:00 ]
运行时间:71.139033079147

[ 2013-08-09T15:04:24+08:00 ]
内存消耗:256.3984375

###############[ 2013-08-09T15:04:24+08:00 ]###############

[ 2013-08-09T15:06:45+08:00 ]
配置中的数据库驱动不存在 (D:\wamp\www\eggPHP\Core\Db.php:78)
Stack trace:
#0 D:\wamp\www\eggPHP\Core\App.php(105): halt()
#1 D:\wamp\www\eggPHP\Core\App.php(81): appError()
#2 unknown(0): appException()
REQUEST_URI=/?XDEBUG_SESSION_START=netbeans-xdebug

[ 2013-08-09T15:06:45+08:00 ]
配置中的数据库驱动不存在 (D:\wamp\www\eggPHP\Core\Db.php:78)
Stack trace:
#0 D:\wamp\www\eggPHP\Core\App.php(105): halt()
#1 D:\wamp\www\eggPHP\Core\App.php(81): appError()
#2 unknown(0): appException()
REQUEST_URI=/?XDEBUG_SESSION_START=netbeans-xdebug

[ 2013-08-09T15:06:45+08:00 ]
运行时间:134.60959291458

[ 2013-08-09T15:06:45+08:00 ]
内存消耗:267.5078125

###############[ 2013-08-09T15:06:45+08:00 ]###############

[ 2013-08-09T15:10:31+08:00 ]
Call to undefined function Pdo_Db() (D:\wamp\www\eggPHP\Core\Db.php:74)
Stack trace:
#0 D:\wamp\www\eggPHP\Core\App.php(97): halt()
#1 D:\wamp\www\eggPHP\Core\App.php(156): appError()
#2 unknown(0): fatalError()
REQUEST_URI=/?XDEBUG_SESSION_START=netbeans-xdebug

[ 2013-08-09T15:10:31+08:00 ]
Call to undefined function Pdo_Db() (D:\wamp\www\eggPHP\Core\Db.php:74)
Stack trace:
#0 D:\wamp\www\eggPHP\Core\App.php(97): halt()
#1 D:\wamp\www\eggPHP\Core\App.php(156): appError()
#2 unknown(0): fatalError()
REQUEST_URI=/?XDEBUG_SESSION_START=netbeans-xdebug

[ 2013-08-09T15:10:31+08:00 ]
运行时间:0.21952795982361

[ 2013-08-09T15:10:31+08:00 ]
内存消耗:252.5546875

###############[ 2013-08-09T15:10:31+08:00 ]###############

[ 2013-08-09T15:11:54+08:00 ]
Accessing static property Pdo_Db::$_db_config_array as non static (D:\wamp\www\eggPHP\MVC\Driver\Db\Pdo_Db.php:28)
Stack trace:
#0 D:\wamp\www\eggPHP\Core\App.php(105): halt()
#1 D:\wamp\www\eggPHP\MVC\Driver\Db\Pdo_Db.php(28): appError()
#2 D:\wamp\www\eggPHP\Core\Db.php(76): Pdo_Db->__construct()
#3 D:\wamp\www\eggPHP\Core\Db.php(60): Db->factory()
#4 D:\wamp\www\eggPHP\MVC\Base\Model.php(152): getIntance()
#5 D:\wamp\www\eggPHP\MVC\Base\Model.php(139): Model->db()
#6 D:\wamp\www\eggPHP\MVC\Base\Controller.php(46): Model->__construct()
#7 D:\wamp\www\eggPHP\MVC\Class\home.class.php(19): home_class->getModel()
#8 unknown(0): home_class->index_action()
#9 D:\wamp\www\eggPHP\Core\App.php(66): call_user_func()
#10 D:\wamp\www\eggPHP\Core\App.php(51): start()
#11 D:\wamp\www\eggPHP\Public\index.php(43): run()
REQUEST_URI=/

[ 2013-08-09T15:11:54+08:00 ]
Accessing static property Pdo_Db::$_db_config_array as non static (D:\wamp\www\eggPHP\MVC\Driver\Db\Pdo_Db.php:28)
Stack trace:
#0 D:\wamp\www\eggPHP\Core\App.php(105): halt()
#1 D:\wamp\www\eggPHP\MVC\Driver\Db\Pdo_Db.php(28): appError()
#2 D:\wamp\www\eggPHP\Core\Db.php(76): Pdo_Db->__construct()
#3 D:\wamp\www\eggPHP\Core\Db.php(60): Db->factory()
#4 D:\wamp\www\eggPHP\MVC\Base\Model.php(152): getIntance()
#5 D:\wamp\www\eggPHP\MVC\Base\Model.php(139): Model->db()
#6 D:\wamp\www\eggPHP\MVC\Base\Controller.php(46): Model->__construct()
#7 D:\wamp\www\eggPHP\MVC\Class\home.class.php(19): home_class->getModel()
#8 unknown(0): home_class->index_action()
#9 D:\wamp\www\eggPHP\Core\App.php(66): call_user_func()
#10 D:\wamp\www\eggPHP\Core\App.php(51): start()
#11 D:\wamp\www\eggPHP\Public\index.php(43): run()
REQUEST_URI=/

[ 2013-08-09T15:11:54+08:00 ]
Accessing static property Pdo_Db::$_db_config_array as non static (D:\wamp\www\eggPHP\MVC\Driver\Db\Pdo_Db.php:30)
Stack trace:
#0 D:\wamp\www\eggPHP\Core\App.php(105): halt()
#1 D:\wamp\www\eggPHP\MVC\Driver\Db\Pdo_Db.php(30): appError()
#2 D:\wamp\www\eggPHP\Core\Db.php(76): Pdo_Db->__construct()
#3 D:\wamp\www\eggPHP\Core\Db.php(60): Db->factory()
#4 D:\wamp\www\eggPHP\MVC\Base\Model.php(152): getIntance()
#5 D:\wamp\www\eggPHP\MVC\Base\Model.php(139): Model->db()
#6 D:\wamp\www\eggPHP\MVC\Base\Controller.php(46): Model->__construct()
#7 D:\wamp\www\eggPHP\MVC\Class\home.class.php(19): home_class->getModel()
#8 unknown(0): home_class->index_action()
#9 D:\wamp\www\eggPHP\Core\App.php(66): call_user_func()
#10 D:\wamp\www\eggPHP\Core\App.php(51): start()
#11 D:\wamp\www\eggPHP\Public\index.php(43): run()
REQUEST_URI=/

[ 2013-08-09T15:11:54+08:00 ]
Accessing static property Pdo_Db::$_db_config_array as non static (D:\wamp\www\eggPHP\MVC\Driver\Db\Pdo_Db.php:30)
Stack trace:
#0 D:\wamp\www\eggPHP\Core\App.php(105): halt()
#1 D:\wamp\www\eggPHP\MVC\Driver\Db\Pdo_Db.php(30): appError()
#2 D:\wamp\www\eggPHP\Core\Db.php(76): Pdo_Db->__construct()
#3 D:\wamp\www\eggPHP\Core\Db.php(60): Db->factory()
#4 D:\wamp\www\eggPHP\MVC\Base\Model.php(152): getIntance()
#5 D:\wamp\www\eggPHP\MVC\Base\Model.php(139): Model->db()
#6 D:\wamp\www\eggPHP\MVC\Base\Controller.php(46): Model->__construct()
#7 D:\wamp\www\eggPHP\MVC\Class\home.class.php(19): home_class->getModel()
#8 unknown(0): home_class->index_action()
#9 D:\wamp\www\eggPHP\Core\App.php(66): call_user_func()
#10 D:\wamp\www\eggPHP\Core\App.php(51): start()
#11 D:\wamp\www\eggPHP\Public\index.php(43): run()
REQUEST_URI=/

[ 2013-08-09T15:11:54+08:00 ]
Call to a member function setModel() on a non-object (D:\wamp\www\eggPHP\MVC\Base\Model.php:184)
Stack trace:
#0 D:\wamp\www\eggPHP\Core\App.php(97): halt()
#1 D:\wamp\www\eggPHP\Core\App.php(156): appError()
#2 unknown(0): fatalError()
REQUEST_URI=/

[ 2013-08-09T15:11:54+08:00 ]
Call to a member function setModel() on a non-object (D:\wamp\www\eggPHP\MVC\Base\Model.php:184)
Stack trace:
#0 D:\wamp\www\eggPHP\Core\App.php(97): halt()
#1 D:\wamp\www\eggPHP\Core\App.php(156): appError()
#2 unknown(0): fatalError()
REQUEST_URI=/

[ 2013-08-09T15:11:54+08:00 ]
运行时间:0.20002508163452

[ 2013-08-09T15:11:54+08:00 ]
内存消耗:258.765625

###############[ 2013-08-09T15:11:54+08:00 ]###############

[ 2013-08-09T15:12:59+08:00 ]
Accessing static property Pdo_Db::$_db_config_array as non static (D:\wamp\www\eggPHP\MVC\Driver\Db\Pdo_Db.php:28)
Stack trace:
#0 D:\wamp\www\eggPHP\Core\App.php(105): halt()
#1 D:\wamp\www\eggPHP\MVC\Driver\Db\Pdo_Db.php(28): appError()
#2 D:\wamp\www\eggPHP\Core\Db.php(76): Pdo_Db->__construct()
#3 D:\wamp\www\eggPHP\Core\Db.php(60): Db->factory()
#4 D:\wamp\www\eggPHP\MVC\Base\Model.php(152): getIntance()
#5 D:\wamp\www\eggPHP\MVC\Base\Model.php(139): Model->db()
#6 D:\wamp\www\eggPHP\MVC\Base\Controller.php(46): Model->__construct()
#7 D:\wamp\www\eggPHP\MVC\Class\home.class.php(19): home_class->getModel()
#8 unknown(0): home_class->index_action()
#9 D:\wamp\www\eggPHP\Core\App.php(66): call_user_func()
#10 D:\wamp\www\eggPHP\Core\App.php(51): start()
#11 D:\wamp\www\eggPHP\Public\index.php(43): run()
REQUEST_URI=/

[ 2013-08-09T15:12:59+08:00 ]
Accessing static property Pdo_Db::$_db_config_array as non static (D:\wamp\www\eggPHP\MVC\Driver\Db\Pdo_Db.php:28)
Stack trace:
#0 D:\wamp\www\eggPHP\Core\App.php(105): halt()
#1 D:\wamp\www\eggPHP\MVC\Driver\Db\Pdo_Db.php(28): appError()
#2 D:\wamp\www\eggPHP\Core\Db.php(76): Pdo_Db->__construct()
#3 D:\wamp\www\eggPHP\Core\Db.php(60): Db->factory()
#4 D:\wamp\www\eggPHP\MVC\Base\Model.php(152): getIntance()
#5 D:\wamp\www\eggPHP\MVC\Base\Model.php(139): Model->db()
#6 D:\wamp\www\eggPHP\MVC\Base\Controller.php(46): Model->__construct()
#7 D:\wamp\www\eggPHP\MVC\Class\home.class.php(19): home_class->getModel()
#8 unknown(0): home_class->index_action()
#9 D:\wamp\www\eggPHP\Core\App.php(66): call_user_func()
#10 D:\wamp\www\eggPHP\Core\App.php(51): start()
#11 D:\wamp\www\eggPHP\Public\index.php(43): run()
REQUEST_URI=/

[ 2013-08-09T15:12:59+08:00 ]
Accessing static property Pdo_Db::$_db_config_array as non static (D:\wamp\www\eggPHP\MVC\Driver\Db\Pdo_Db.php:30)
Stack trace:
#0 D:\wamp\www\eggPHP\Core\App.php(105): halt()
#1 D:\wamp\www\eggPHP\MVC\Driver\Db\Pdo_Db.php(30): appError()
#2 D:\wamp\www\eggPHP\Core\Db.php(76): Pdo_Db->__construct()
#3 D:\wamp\www\eggPHP\Core\Db.php(60): Db->factory()
#4 D:\wamp\www\eggPHP\MVC\Base\Model.php(152): getIntance()
#5 D:\wamp\www\eggPHP\MVC\Base\Model.php(139): Model->db()
#6 D:\wamp\www\eggPHP\MVC\Base\Controller.php(46): Model->__construct()
#7 D:\wamp\www\eggPHP\MVC\Class\home.class.php(19): home_class->getModel()
#8 unknown(0): home_class->index_action()
#9 D:\wamp\www\eggPHP\Core\App.php(66): call_user_func()
#10 D:\wamp\www\eggPHP\Core\App.php(51): start()
#11 D:\wamp\www\eggPHP\Public\index.php(43): run()
REQUEST_URI=/

[ 2013-08-09T15:12:59+08:00 ]
Accessing static property Pdo_Db::$_db_config_array as non static (D:\wamp\www\eggPHP\MVC\Driver\Db\Pdo_Db.php:30)
Stack trace:
#0 D:\wamp\www\eggPHP\Core\App.php(105): halt()
#1 D:\wamp\www\eggPHP\MVC\Driver\Db\Pdo_Db.php(30): appError()
#2 D:\wamp\www\eggPHP\Core\Db.php(76): Pdo_Db->__construct()
#3 D:\wamp\www\eggPHP\Core\Db.php(60): Db->factory()
#4 D:\wamp\www\eggPHP\MVC\Base\Model.php(152): getIntance()
#5 D:\wamp\www\eggPHP\MVC\Base\Model.php(139): Model->db()
#6 D:\wamp\www\eggPHP\MVC\Base\Controller.php(46): Model->__construct()
#7 D:\wamp\www\eggPHP\MVC\Class\home.class.php(19): home_class->getModel()
#8 unknown(0): home_class->index_action()
#9 D:\wamp\www\eggPHP\Core\App.php(66): call_user_func()
#10 D:\wamp\www\eggPHP\Core\App.php(51): start()
#11 D:\wamp\www\eggPHP\Public\index.php(43): run()
REQUEST_URI=/

[ 2013-08-09T15:12:59+08:00 ]
Call to a member function setModel() on a non-object (D:\wamp\www\eggPHP\MVC\Base\Model.php:184)
Stack trace:
#0 D:\wamp\www\eggPHP\Core\App.php(97): halt()
#1 D:\wamp\www\eggPHP\Core\App.php(156): appError()
#2 unknown(0): fatalError()
REQUEST_URI=/

[ 2013-08-09T15:12:59+08:00 ]
Call to a member function setModel() on a non-object (D:\wamp\www\eggPHP\MVC\Base\Model.php:184)
Stack trace:
#0 D:\wamp\www\eggPHP\Core\App.php(97): halt()
#1 D:\wamp\www\eggPHP\Core\App.php(156): appError()
#2 unknown(0): fatalError()
REQUEST_URI=/

[ 2013-08-09T15:12:59+08:00 ]
运行时间:0.054006814956665

[ 2013-08-09T15:12:59+08:00 ]
内存消耗:258.765625

###############[ 2013-08-09T15:12:59+08:00 ]###############

[ 2013-08-09T15:16:04+08:00 ]
Accessing static property Pdo_Db::$_db_config_array as non static (D:\wamp\www\eggPHP\MVC\Driver\Db\Pdo_Db.php:28)
Stack trace:
#0 D:\wamp\www\eggPHP\Core\App.php(105): halt()
#1 D:\wamp\www\eggPHP\MVC\Driver\Db\Pdo_Db.php(28): appError()
#2 D:\wamp\www\eggPHP\Core\Db.php(76): Pdo_Db->__construct()
#3 D:\wamp\www\eggPHP\Core\Db.php(60): Db->factory()
#4 D:\wamp\www\eggPHP\MVC\Base\Model.php(158): getIntance()
#5 D:\wamp\www\eggPHP\MVC\Base\Model.php(145): Model->db()
#6 D:\wamp\www\eggPHP\MVC\Base\Controller.php(46): Model->__construct()
#7 D:\wamp\www\eggPHP\MVC\Class\home.class.php(19): home_class->getModel()
#8 unknown(0): home_class->index_action()
#9 D:\wamp\www\eggPHP\Core\App.php(66): call_user_func()
#10 D:\wamp\www\eggPHP\Core\App.php(51): start()
#11 D:\wamp\www\eggPHP\Public\index.php(43): run()
REQUEST_URI=/

[ 2013-08-09T15:16:04+08:00 ]
Accessing static property Pdo_Db::$_db_config_array as non static (D:\wamp\www\eggPHP\MVC\Driver\Db\Pdo_Db.php:28)
Stack trace:
#0 D:\wamp\www\eggPHP\Core\App.php(105): halt()
#1 D:\wamp\www\eggPHP\MVC\Driver\Db\Pdo_Db.php(28): appError()
#2 D:\wamp\www\eggPHP\Core\Db.php(76): Pdo_Db->__construct()
#3 D:\wamp\www\eggPHP\Core\Db.php(60): Db->factory()
#4 D:\wamp\www\eggPHP\MVC\Base\Model.php(158): getIntance()
#5 D:\wamp\www\eggPHP\MVC\Base\Model.php(145): Model->db()
#6 D:\wamp\www\eggPHP\MVC\Base\Controller.php(46): Model->__construct()
#7 D:\wamp\www\eggPHP\MVC\Class\home.class.php(19): home_class->getModel()
#8 unknown(0): home_class->index_action()
#9 D:\wamp\www\eggPHP\Core\App.php(66): call_user_func()
#10 D:\wamp\www\eggPHP\Core\App.php(51): start()
#11 D:\wamp\www\eggPHP\Public\index.php(43): run()
REQUEST_URI=/

[ 2013-08-09T15:16:04+08:00 ]
Accessing static property Pdo_Db::$_db_config_array as non static (D:\wamp\www\eggPHP\MVC\Driver\Db\Pdo_Db.php:30)
Stack trace:
#0 D:\wamp\www\eggPHP\Core\App.php(105): halt()
#1 D:\wamp\www\eggPHP\MVC\Driver\Db\Pdo_Db.php(30): appError()
#2 D:\wamp\www\eggPHP\Core\Db.php(76): Pdo_Db->__construct()
#3 D:\wamp\www\eggPHP\Core\Db.php(60): Db->factory()
#4 D:\wamp\www\eggPHP\MVC\Base\Model.php(158): getIntance()
#5 D:\wamp\www\eggPHP\MVC\Base\Model.php(145): Model->db()
#6 D:\wamp\www\eggPHP\MVC\Base\Controller.php(46): Model->__construct()
#7 D:\wamp\www\eggPHP\MVC\Class\home.class.php(19): home_class->getModel()
#8 unknown(0): home_class->index_action()
#9 D:\wamp\www\eggPHP\Core\App.php(66): call_user_func()
#10 D:\wamp\www\eggPHP\Core\App.php(51): start()
#11 D:\wamp\www\eggPHP\Public\index.php(43): run()
REQUEST_URI=/

[ 2013-08-09T15:16:04+08:00 ]
Accessing static property Pdo_Db::$_db_config_array as non static (D:\wamp\www\eggPHP\MVC\Driver\Db\Pdo_Db.php:30)
Stack trace:
#0 D:\wamp\www\eggPHP\Core\App.php(105): halt()
#1 D:\wamp\www\eggPHP\MVC\Driver\Db\Pdo_Db.php(30): appError()
#2 D:\wamp\www\eggPHP\Core\Db.php(76): Pdo_Db->__construct()
#3 D:\wamp\www\eggPHP\Core\Db.php(60): Db->factory()
#4 D:\wamp\www\eggPHP\MVC\Base\Model.php(158): getIntance()
#5 D:\wamp\www\eggPHP\MVC\Base\Model.php(145): Model->db()
#6 D:\wamp\www\eggPHP\MVC\Base\Controller.php(46): Model->__construct()
#7 D:\wamp\www\eggPHP\MVC\Class\home.class.php(19): home_class->getModel()
#8 unknown(0): home_class->index_action()
#9 D:\wamp\www\eggPHP\Core\App.php(66): call_user_func()
#10 D:\wamp\www\eggPHP\Core\App.php(51): start()
#11 D:\wamp\www\eggPHP\Public\index.php(43): run()
REQUEST_URI=/

[ 2013-08-09T15:16:04+08:00 ]
Call to undefined method Pdo_Db::connect() (D:\wamp\www\eggPHP\MVC\Driver\Db\Pdo_Db.php:118)
Stack trace:
#0 D:\wamp\www\eggPHP\Core\App.php(97): halt()
#1 D:\wamp\www\eggPHP\Core\App.php(156): appError()
#2 unknown(0): fatalError()
REQUEST_URI=/

[ 2013-08-09T15:16:04+08:00 ]
Call to undefined method Pdo_Db::connect() (D:\wamp\www\eggPHP\MVC\Driver\Db\Pdo_Db.php:118)
Stack trace:
#0 D:\wamp\www\eggPHP\Core\App.php(97): halt()
#1 D:\wamp\www\eggPHP\Core\App.php(156): appError()
#2 unknown(0): fatalError()
REQUEST_URI=/

[ 2013-08-09T15:16:04+08:00 ]
运行时间:0.96012091636658

[ 2013-08-09T15:16:04+08:00 ]
内存消耗:258.828125

###############[ 2013-08-09T15:16:04+08:00 ]###############

[ 2013-08-09T15:29:27+08:00 ]
Cannot redeclare static Db::$_db_config_array as non static Pdo_Db::$_db_config_array (D:\wamp\www\eggPHP\MVC\Driver\Db\Pdo_Db.php:224)
Stack trace:
#0 D:\wamp\www\eggPHP\Core\App.php(97): halt()
#1 D:\wamp\www\eggPHP\Core\App.php(156): appError()
#2 unknown(0): fatalError()
REQUEST_URI=/

[ 2013-08-09T15:29:27+08:00 ]
Cannot redeclare static Db::$_db_config_array as non static Pdo_Db::$_db_config_array (D:\wamp\www\eggPHP\MVC\Driver\Db\Pdo_Db.php:224)
Stack trace:
#0 D:\wamp\www\eggPHP\Core\App.php(97): halt()
#1 D:\wamp\www\eggPHP\Core\App.php(156): appError()
#2 unknown(0): fatalError()
REQUEST_URI=/

[ 2013-08-09T15:29:27+08:00 ]
运行时间:0.60607695579529

[ 2013-08-09T15:29:27+08:00 ]
内存消耗:274.7109375

###############[ 2013-08-09T15:29:27+08:00 ]###############

[ 2013-08-09T15:30:02+08:00 ]
Cannot redeclare static Db::$_db_config_array as non static Pdo_Db::$_db_config_array (D:\wamp\www\eggPHP\MVC\Driver\Db\Pdo_Db.php:224)
Stack trace:
#0 D:\wamp\www\eggPHP\Core\App.php(97): halt()
#1 D:\wamp\www\eggPHP\Core\App.php(156): appError()
#2 unknown(0): fatalError()
REQUEST_URI=/

[ 2013-08-09T15:30:02+08:00 ]
Cannot redeclare static Db::$_db_config_array as non static Pdo_Db::$_db_config_array (D:\wamp\www\eggPHP\MVC\Driver\Db\Pdo_Db.php:224)
Stack trace:
#0 D:\wamp\www\eggPHP\Core\App.php(97): halt()
#1 D:\wamp\www\eggPHP\Core\App.php(156): appError()
#2 unknown(0): fatalError()
REQUEST_URI=/

[ 2013-08-09T15:30:02+08:00 ]
运行时间:0.035003900527954

[ 2013-08-09T15:30:02+08:00 ]
内存消耗:274.7109375

###############[ 2013-08-09T15:30:02+08:00 ]###############

[ 2013-08-09T15:30:07+08:00 ]
Cannot redeclare static Db::$_db_config_array as non static Pdo_Db::$_db_config_array (D:\wamp\www\eggPHP\MVC\Driver\Db\Pdo_Db.php:223)
Stack trace:
#0 D:\wamp\www\eggPHP\Core\App.php(97): halt()
#1 D:\wamp\www\eggPHP\Core\App.php(156): appError()
#2 unknown(0): fatalError()
REQUEST_URI=/

[ 2013-08-09T15:30:07+08:00 ]
Cannot redeclare static Db::$_db_config_array as non static Pdo_Db::$_db_config_array (D:\wamp\www\eggPHP\MVC\Driver\Db\Pdo_Db.php:223)
Stack trace:
#0 D:\wamp\www\eggPHP\Core\App.php(97): halt()
#1 D:\wamp\www\eggPHP\Core\App.php(156): appError()
#2 unknown(0): fatalError()
REQUEST_URI=/

[ 2013-08-09T15:30:07+08:00 ]
运行时间:0.034003973007202

[ 2013-08-09T15:30:07+08:00 ]
内存消耗:274.7109375

###############[ 2013-08-09T15:30:07+08:00 ]###############

[ 2013-08-09T15:30:41+08:00 ]
Accessing static property Pdo_Db::$_db_config_array as non static (D:\wamp\www\eggPHP\MVC\Driver\Db\Pdo_Db.php:29)
Stack trace:
#0 D:\wamp\www\eggPHP\Core\App.php(105): halt()
#1 D:\wamp\www\eggPHP\MVC\Driver\Db\Pdo_Db.php(29): appError()
#2 D:\wamp\www\eggPHP\Core\Db.php(76): Pdo_Db->__construct()
#3 D:\wamp\www\eggPHP\Core\Db.php(60): Db->factory()
#4 D:\wamp\www\eggPHP\MVC\Base\Model.php(158): getIntance()
#5 D:\wamp\www\eggPHP\MVC\Base\Model.php(145): Model->db()
#6 D:\wamp\www\eggPHP\MVC\Base\Controller.php(46): Model->__construct()
#7 D:\wamp\www\eggPHP\MVC\Class\home.class.php(19): home_class->getModel()
#8 unknown(0): home_class->index_action()
#9 D:\wamp\www\eggPHP\Core\App.php(66): call_user_func()
#10 D:\wamp\www\eggPHP\Core\App.php(51): start()
#11 D:\wamp\www\eggPHP\Public\index.php(43): run()
REQUEST_URI=/

[ 2013-08-09T15:30:41+08:00 ]
Accessing static property Pdo_Db::$_db_config_array as non static (D:\wamp\www\eggPHP\MVC\Driver\Db\Pdo_Db.php:29)
Stack trace:
#0 D:\wamp\www\eggPHP\Core\App.php(105): halt()
#1 D:\wamp\www\eggPHP\MVC\Driver\Db\Pdo_Db.php(29): appError()
#2 D:\wamp\www\eggPHP\Core\Db.php(76): Pdo_Db->__construct()
#3 D:\wamp\www\eggPHP\Core\Db.php(60): Db->factory()
#4 D:\wamp\www\eggPHP\MVC\Base\Model.php(158): getIntance()
#5 D:\wamp\www\eggPHP\MVC\Base\Model.php(145): Model->db()
#6 D:\wamp\www\eggPHP\MVC\Base\Controller.php(46): Model->__construct()
#7 D:\wamp\www\eggPHP\MVC\Class\home.class.php(19): home_class->getModel()
#8 unknown(0): home_class->index_action()
#9 D:\wamp\www\eggPHP\Core\App.php(66): call_user_func()
#10 D:\wamp\www\eggPHP\Core\App.php(51): start()
#11 D:\wamp\www\eggPHP\Public\index.php(43): run()
REQUEST_URI=/

[ 2013-08-09T15:30:41+08:00 ]
Accessing static property Pdo_Db::$_db_config_array as non static (D:\wamp\www\eggPHP\MVC\Driver\Db\Pdo_Db.php:31)
Stack trace:
#0 D:\wamp\www\eggPHP\Core\App.php(105): halt()
#1 D:\wamp\www\eggPHP\MVC\Driver\Db\Pdo_Db.php(31): appError()
#2 D:\wamp\www\eggPHP\Core\Db.php(76): Pdo_Db->__construct()
#3 D:\wamp\www\eggPHP\Core\Db.php(60): Db->factory()
#4 D:\wamp\www\eggPHP\MVC\Base\Model.php(158): getIntance()
#5 D:\wamp\www\eggPHP\MVC\Base\Model.php(145): Model->db()
#6 D:\wamp\www\eggPHP\MVC\Base\Controller.php(46): Model->__construct()
#7 D:\wamp\www\eggPHP\MVC\Class\home.class.php(19): home_class->getModel()
#8 unknown(0): home_class->index_action()
#9 D:\wamp\www\eggPHP\Core\App.php(66): call_user_func()
#10 D:\wamp\www\eggPHP\Core\App.php(51): start()
#11 D:\wamp\www\eggPHP\Public\index.php(43): run()
REQUEST_URI=/

[ 2013-08-09T15:30:41+08:00 ]
Accessing static property Pdo_Db::$_db_config_array as non static (D:\wamp\www\eggPHP\MVC\Driver\Db\Pdo_Db.php:31)
Stack trace:
#0 D:\wamp\www\eggPHP\Core\App.php(105): halt()
#1 D:\wamp\www\eggPHP\MVC\Driver\Db\Pdo_Db.php(31): appError()
#2 D:\wamp\www\eggPHP\Core\Db.php(76): Pdo_Db->__construct()
#3 D:\wamp\www\eggPHP\Core\Db.php(60): Db->factory()
#4 D:\wamp\www\eggPHP\MVC\Base\Model.php(158): getIntance()
#5 D:\wamp\www\eggPHP\MVC\Base\Model.php(145): Model->db()
#6 D:\wamp\www\eggPHP\MVC\Base\Controller.php(46): Model->__construct()
#7 D:\wamp\www\eggPHP\MVC\Class\home.class.php(19): home_class->getModel()
#8 unknown(0): home_class->index_action()
#9 D:\wamp\www\eggPHP\Core\App.php(66): call_user_func()
#10 D:\wamp\www\eggPHP\Core\App.php(51): start()
#11 D:\wamp\www\eggPHP\Public\index.php(43): run()
REQUEST_URI=/

[ 2013-08-09T15:30:41+08:00 ]
Call to undefined function throw_exception() (D:\wamp\www\eggPHP\MVC\Driver\Db\Pdo_Db.php:96)
Stack trace:
#0 D:\wamp\www\eggPHP\Core\App.php(97): halt()
#1 D:\wamp\www\eggPHP\Core\App.php(156): appError()
#2 unknown(0): fatalError()
REQUEST_URI=/

[ 2013-08-09T15:30:41+08:00 ]
Call to undefined function throw_exception() (D:\wamp\www\eggPHP\MVC\Driver\Db\Pdo_Db.php:96)
Stack trace:
#0 D:\wamp\www\eggPHP\Core\App.php(97): halt()
#1 D:\wamp\www\eggPHP\Core\App.php(156): appError()
#2 unknown(0): fatalError()
REQUEST_URI=/

[ 2013-08-09T15:30:41+08:00 ]
运行时间:0.49156308174133

[ 2013-08-09T15:30:41+08:00 ]
内存消耗:283.2578125

###############[ 2013-08-09T15:30:41+08:00 ]###############

[ 2013-08-09T15:30:44+08:00 ]
Accessing static property Pdo_Db::$_db_config_array as non static (D:\wamp\www\eggPHP\MVC\Driver\Db\Pdo_Db.php:29)
Stack trace:
#0 D:\wamp\www\eggPHP\Core\App.php(105): halt()
#1 D:\wamp\www\eggPHP\MVC\Driver\Db\Pdo_Db.php(29): appError()
#2 D:\wamp\www\eggPHP\Core\Db.php(76): Pdo_Db->__construct()
#3 D:\wamp\www\eggPHP\Core\Db.php(60): Db->factory()
#4 D:\wamp\www\eggPHP\MVC\Base\Model.php(158): getIntance()
#5 D:\wamp\www\eggPHP\MVC\Base\Model.php(145): Model->db()
#6 D:\wamp\www\eggPHP\MVC\Base\Controller.php(46): Model->__construct()
#7 D:\wamp\www\eggPHP\MVC\Class\home.class.php(19): home_class->getModel()
#8 unknown(0): home_class->index_action()
#9 D:\wamp\www\eggPHP\Core\App.php(66): call_user_func()
#10 D:\wamp\www\eggPHP\Core\App.php(51): start()
#11 D:\wamp\www\eggPHP\Public\index.php(43): run()
REQUEST_URI=/

[ 2013-08-09T15:30:44+08:00 ]
Accessing static property Pdo_Db::$_db_config_array as non static (D:\wamp\www\eggPHP\MVC\Driver\Db\Pdo_Db.php:29)
Stack trace:
#0 D:\wamp\www\eggPHP\Core\App.php(105): halt()
#1 D:\wamp\www\eggPHP\MVC\Driver\Db\Pdo_Db.php(29): appError()
#2 D:\wamp\www\eggPHP\Core\Db.php(76): Pdo_Db->__construct()
#3 D:\wamp\www\eggPHP\Core\Db.php(60): Db->factory()
#4 D:\wamp\www\eggPHP\MVC\Base\Model.php(158): getIntance()
#5 D:\wamp\www\eggPHP\MVC\Base\Model.php(145): Model->db()
#6 D:\wamp\www\eggPHP\MVC\Base\Controller.php(46): Model->__construct()
#7 D:\wamp\www\eggPHP\MVC\Class\home.class.php(19): home_class->getModel()
#8 unknown(0): home_class->index_action()
#9 D:\wamp\www\eggPHP\Core\App.php(66): call_user_func()
#10 D:\wamp\www\eggPHP\Core\App.php(51): start()
#11 D:\wamp\www\eggPHP\Public\index.php(43): run()
REQUEST_URI=/

[ 2013-08-09T15:30:44+08:00 ]
Accessing static property Pdo_Db::$_db_config_array as non static (D:\wamp\www\eggPHP\MVC\Driver\Db\Pdo_Db.php:31)
Stack trace:
#0 D:\wamp\www\eggPHP\Core\App.php(105): halt()
#1 D:\wamp\www\eggPHP\MVC\Driver\Db\Pdo_Db.php(31): appError()
#2 D:\wamp\www\eggPHP\Core\Db.php(76): Pdo_Db->__construct()
#3 D:\wamp\www\eggPHP\Core\Db.php(60): Db->factory()
#4 D:\wamp\www\eggPHP\MVC\Base\Model.php(158): getIntance()
#5 D:\wamp\www\eggPHP\MVC\Base\Model.php(145): Model->db()
#6 D:\wamp\www\eggPHP\MVC\Base\Controller.php(46): Model->__construct()
#7 D:\wamp\www\eggPHP\MVC\Class\home.class.php(19): home_class->getModel()
#8 unknown(0): home_class->index_action()
#9 D:\wamp\www\eggPHP\Core\App.php(66): call_user_func()
#10 D:\wamp\www\eggPHP\Core\App.php(51): start()
#11 D:\wamp\www\eggPHP\Public\index.php(43): run()
REQUEST_URI=/

[ 2013-08-09T15:30:44+08:00 ]
Accessing static property Pdo_Db::$_db_config_array as non static (D:\wamp\www\eggPHP\MVC\Driver\Db\Pdo_Db.php:31)
Stack trace:
#0 D:\wamp\www\eggPHP\Core\App.php(105): halt()
#1 D:\wamp\www\eggPHP\MVC\Driver\Db\Pdo_Db.php(31): appError()
#2 D:\wamp\www\eggPHP\Core\Db.php(76): Pdo_Db->__construct()
#3 D:\wamp\www\eggPHP\Core\Db.php(60): Db->factory()
#4 D:\wamp\www\eggPHP\MVC\Base\Model.php(158): getIntance()
#5 D:\wamp\www\eggPHP\MVC\Base\Model.php(145): Model->db()
#6 D:\wamp\www\eggPHP\MVC\Base\Controller.php(46): Model->__construct()
#7 D:\wamp\www\eggPHP\MVC\Class\home.class.php(19): home_class->getModel()
#8 unknown(0): home_class->index_action()
#9 D:\wamp\www\eggPHP\Core\App.php(66): call_user_func()
#10 D:\wamp\www\eggPHP\Core\App.php(51): start()
#11 D:\wamp\www\eggPHP\Public\index.php(43): run()
REQUEST_URI=/

[ 2013-08-09T15:30:44+08:00 ]
Call to undefined function throw_exception() (D:\wamp\www\eggPHP\MVC\Driver\Db\Pdo_Db.php:96)
Stack trace:
#0 D:\wamp\www\eggPHP\Core\App.php(97): halt()
#1 D:\wamp\www\eggPHP\Core\App.php(156): appError()
#2 unknown(0): fatalError()
REQUEST_URI=/

[ 2013-08-09T15:30:44+08:00 ]
Call to undefined function throw_exception() (D:\wamp\www\eggPHP\MVC\Driver\Db\Pdo_Db.php:96)
Stack trace:
#0 D:\wamp\www\eggPHP\Core\App.php(97): halt()
#1 D:\wamp\www\eggPHP\Core\App.php(156): appError()
#2 unknown(0): fatalError()
REQUEST_URI=/

[ 2013-08-09T15:30:44+08:00 ]
运行时间:0.090512037277222

[ 2013-08-09T15:30:44+08:00 ]
内存消耗:283.2578125

###############[ 2013-08-09T15:30:44+08:00 ]###############

[ 2013-08-09T15:31:07+08:00 ]
Accessing static property Pdo_Db::$_db_config_array as non static (D:\wamp\www\eggPHP\MVC\Driver\Db\Pdo_Db.php:28)
Stack trace:
#0 D:\wamp\www\eggPHP\Core\App.php(105): halt()
#1 D:\wamp\www\eggPHP\MVC\Driver\Db\Pdo_Db.php(28): appError()
#2 D:\wamp\www\eggPHP\Core\Db.php(76): Pdo_Db->__construct()
#3 D:\wamp\www\eggPHP\Core\Db.php(60): Db->factory()
#4 D:\wamp\www\eggPHP\MVC\Base\Model.php(158): getIntance()
#5 D:\wamp\www\eggPHP\MVC\Base\Model.php(145): Model->db()
#6 D:\wamp\www\eggPHP\MVC\Base\Controller.php(46): Model->__construct()
#7 D:\wamp\www\eggPHP\MVC\Class\home.class.php(19): home_class->getModel()
#8 unknown(0): home_class->index_action()
#9 D:\wamp\www\eggPHP\Core\App.php(66): call_user_func()
#10 D:\wamp\www\eggPHP\Core\App.php(51): start()
#11 D:\wamp\www\eggPHP\Public\index.php(43): run()
REQUEST_URI=/

[ 2013-08-09T15:31:07+08:00 ]
Accessing static property Pdo_Db::$_db_config_array as non static (D:\wamp\www\eggPHP\MVC\Driver\Db\Pdo_Db.php:28)
Stack trace:
#0 D:\wamp\www\eggPHP\Core\App.php(105): halt()
#1 D:\wamp\www\eggPHP\MVC\Driver\Db\Pdo_Db.php(28): appError()
#2 D:\wamp\www\eggPHP\Core\Db.php(76): Pdo_Db->__construct()
#3 D:\wamp\www\eggPHP\Core\Db.php(60): Db->factory()
#4 D:\wamp\www\eggPHP\MVC\Base\Model.php(158): getIntance()
#5 D:\wamp\www\eggPHP\MVC\Base\Model.php(145): Model->db()
#6 D:\wamp\www\eggPHP\MVC\Base\Controller.php(46): Model->__construct()
#7 D:\wamp\www\eggPHP\MVC\Class\home.class.php(19): home_class->getModel()
#8 unknown(0): home_class->index_action()
#9 D:\wamp\www\eggPHP\Core\App.php(66): call_user_func()
#10 D:\wamp\www\eggPHP\Core\App.php(51): start()
#11 D:\wamp\www\eggPHP\Public\index.php(43): run()
REQUEST_URI=/

[ 2013-08-09T15:31:07+08:00 ]
Accessing static property Pdo_Db::$_db_config_array as non static (D:\wamp\www\eggPHP\MVC\Driver\Db\Pdo_Db.php:30)
Stack trace:
#0 D:\wamp\www\eggPHP\Core\App.php(105): halt()
#1 D:\wamp\www\eggPHP\MVC\Driver\Db\Pdo_Db.php(30): appError()
#2 D:\wamp\www\eggPHP\Core\Db.php(76): Pdo_Db->__construct()
#3 D:\wamp\www\eggPHP\Core\Db.php(60): Db->factory()
#4 D:\wamp\www\eggPHP\MVC\Base\Model.php(158): getIntance()
#5 D:\wamp\www\eggPHP\MVC\Base\Model.php(145): Model->db()
#6 D:\wamp\www\eggPHP\MVC\Base\Controller.php(46): Model->__construct()
#7 D:\wamp\www\eggPHP\MVC\Class\home.class.php(19): home_class->getModel()
#8 unknown(0): home_class->index_action()
#9 D:\wamp\www\eggPHP\Core\App.php(66): call_user_func()
#10 D:\wamp\www\eggPHP\Core\App.php(51): start()
#11 D:\wamp\www\eggPHP\Public\index.php(43): run()
REQUEST_URI=/

[ 2013-08-09T15:31:07+08:00 ]
Accessing static property Pdo_Db::$_db_config_array as non static (D:\wamp\www\eggPHP\MVC\Driver\Db\Pdo_Db.php:30)
Stack trace:
#0 D:\wamp\www\eggPHP\Core\App.php(105): halt()
#1 D:\wamp\www\eggPHP\MVC\Driver\Db\Pdo_Db.php(30): appError()
#2 D:\wamp\www\eggPHP\Core\Db.php(76): Pdo_Db->__construct()
#3 D:\wamp\www\eggPHP\Core\Db.php(60): Db->factory()
#4 D:\wamp\www\eggPHP\MVC\Base\Model.php(158): getIntance()
#5 D:\wamp\www\eggPHP\MVC\Base\Model.php(145): Model->db()
#6 D:\wamp\www\eggPHP\MVC\Base\Controller.php(46): Model->__construct()
#7 D:\wamp\www\eggPHP\MVC\Class\home.class.php(19): home_class->getModel()
#8 unknown(0): home_class->index_action()
#9 D:\wamp\www\eggPHP\Core\App.php(66): call_user_func()
#10 D:\wamp\www\eggPHP\Core\App.php(51): start()
#11 D:\wamp\www\eggPHP\Public\index.php(43): run()
REQUEST_URI=/

[ 2013-08-09T15:31:07+08:00 ]
invalid data source name (D:\wamp\www\eggPHP\MVC\Driver\Db\Pdo_Db.php:95)
Stack trace:
#0 D:\wamp\www\eggPHP\Core\App.php(105): halt()
#1 D:\wamp\www\eggPHP\Core\App.php(81): appError()
#2 unknown(0): appException()
REQUEST_URI=/

[ 2013-08-09T15:31:07+08:00 ]
invalid data source name (D:\wamp\www\eggPHP\MVC\Driver\Db\Pdo_Db.php:95)
Stack trace:
#0 D:\wamp\www\eggPHP\Core\App.php(105): halt()
#1 D:\wamp\www\eggPHP\Core\App.php(81): appError()
#2 unknown(0): appException()
REQUEST_URI=/

[ 2013-08-09T15:31:07+08:00 ]
运行时间:0.088511943817139

[ 2013-08-09T15:31:07+08:00 ]
内存消耗:254.625

###############[ 2013-08-09T15:31:07+08:00 ]###############

[ 2013-08-09T15:32:33+08:00 ]
Accessing static property Pdo_Db::$config as non static (D:\wamp\www\eggPHP\MVC\Driver\Db\Pdo_Db.php:28)
Stack trace:
#0 D:\wamp\www\eggPHP\Core\App.php(105): halt()
#1 D:\wamp\www\eggPHP\MVC\Driver\Db\Pdo_Db.php(28): appError()
#2 D:\wamp\www\eggPHP\Core\Db.php(76): Pdo_Db->__construct()
#3 D:\wamp\www\eggPHP\Core\Db.php(60): Db->factory()
#4 D:\wamp\www\eggPHP\MVC\Base\Model.php(158): getIntance()
#5 D:\wamp\www\eggPHP\MVC\Base\Model.php(145): Model->db()
#6 D:\wamp\www\eggPHP\MVC\Base\Controller.php(46): Model->__construct()
#7 D:\wamp\www\eggPHP\MVC\Class\home.class.php(19): home_class->getModel()
#8 unknown(0): home_class->index_action()
#9 D:\wamp\www\eggPHP\Core\App.php(66): call_user_func()
#10 D:\wamp\www\eggPHP\Core\App.php(51): start()
#11 D:\wamp\www\eggPHP\Public\index.php(43): run()
REQUEST_URI=/

[ 2013-08-09T15:32:33+08:00 ]
Accessing static property Pdo_Db::$config as non static (D:\wamp\www\eggPHP\MVC\Driver\Db\Pdo_Db.php:28)
Stack trace:
#0 D:\wamp\www\eggPHP\Core\App.php(105): halt()
#1 D:\wamp\www\eggPHP\MVC\Driver\Db\Pdo_Db.php(28): appError()
#2 D:\wamp\www\eggPHP\Core\Db.php(76): Pdo_Db->__construct()
#3 D:\wamp\www\eggPHP\Core\Db.php(60): Db->factory()
#4 D:\wamp\www\eggPHP\MVC\Base\Model.php(158): getIntance()
#5 D:\wamp\www\eggPHP\MVC\Base\Model.php(145): Model->db()
#6 D:\wamp\www\eggPHP\MVC\Base\Controller.php(46): Model->__construct()
#7 D:\wamp\www\eggPHP\MVC\Class\home.class.php(19): home_class->getModel()
#8 unknown(0): home_class->index_action()
#9 D:\wamp\www\eggPHP\Core\App.php(66): call_user_func()
#10 D:\wamp\www\eggPHP\Core\App.php(51): start()
#11 D:\wamp\www\eggPHP\Public\index.php(43): run()
REQUEST_URI=/

[ 2013-08-09T15:32:33+08:00 ]
Accessing static property Pdo_Db::$config as non static (D:\wamp\www\eggPHP\MVC\Driver\Db\Pdo_Db.php:30)
Stack trace:
#0 D:\wamp\www\eggPHP\Core\App.php(105): halt()
#1 D:\wamp\www\eggPHP\MVC\Driver\Db\Pdo_Db.php(30): appError()
#2 D:\wamp\www\eggPHP\Core\Db.php(76): Pdo_Db->__construct()
#3 D:\wamp\www\eggPHP\Core\Db.php(60): Db->factory()
#4 D:\wamp\www\eggPHP\MVC\Base\Model.php(158): getIntance()
#5 D:\wamp\www\eggPHP\MVC\Base\Model.php(145): Model->db()
#6 D:\wamp\www\eggPHP\MVC\Base\Controller.php(46): Model->__construct()
#7 D:\wamp\www\eggPHP\MVC\Class\home.class.php(19): home_class->getModel()
#8 unknown(0): home_class->index_action()
#9 D:\wamp\www\eggPHP\Core\App.php(66): call_user_func()
#10 D:\wamp\www\eggPHP\Core\App.php(51): start()
#11 D:\wamp\www\eggPHP\Public\index.php(43): run()
REQUEST_URI=/

[ 2013-08-09T15:32:33+08:00 ]
Accessing static property Pdo_Db::$config as non static (D:\wamp\www\eggPHP\MVC\Driver\Db\Pdo_Db.php:30)
Stack trace:
#0 D:\wamp\www\eggPHP\Core\App.php(105): halt()
#1 D:\wamp\www\eggPHP\MVC\Driver\Db\Pdo_Db.php(30): appError()
#2 D:\wamp\www\eggPHP\Core\Db.php(76): Pdo_Db->__construct()
#3 D:\wamp\www\eggPHP\Core\Db.php(60): Db->factory()
#4 D:\wamp\www\eggPHP\MVC\Base\Model.php(158): getIntance()
#5 D:\wamp\www\eggPHP\MVC\Base\Model.php(145): Model->db()
#6 D:\wamp\www\eggPHP\MVC\Base\Controller.php(46): Model->__construct()
#7 D:\wamp\www\eggPHP\MVC\Class\home.class.php(19): home_class->getModel()
#8 unknown(0): home_class->index_action()
#9 D:\wamp\www\eggPHP\Core\App.php(66): call_user_func()
#10 D:\wamp\www\eggPHP\Core\App.php(51): start()
#11 D:\wamp\www\eggPHP\Public\index.php(43): run()
REQUEST_URI=/

[ 2013-08-09T15:32:33+08:00 ]
Accessing static property Pdo_Db::$config as non static (D:\wamp\www\eggPHP\MVC\Driver\Db\Pdo_Db.php:87)
Stack trace:
#0 D:\wamp\www\eggPHP\Core\App.php(105): halt()
#1 D:\wamp\www\eggPHP\MVC\Driver\Db\Pdo_Db.php(87): appError()
#2 D:\wamp\www\eggPHP\MVC\Driver\Db\Pdo_Db.php(151): Pdo_Db->connect()
#3 D:\wamp\www\eggPHP\MVC\Driver\Db\Pdo_Db.php(169): Pdo_Db->initConnect()
#4 D:\wamp\www\eggPHP\MVC\Base\Model.php(191): Pdo_Db->getFields()
#5 D:\wamp\www\eggPHP\MVC\Base\Model.php(186): Model->flush()
#6 D:\wamp\www\eggPHP\MVC\Base\Model.php(171): Model->_checkTableInfo()
#7 D:\wamp\www\eggPHP\MVC\Base\Model.php(145): Model->db()
#8 D:\wamp\www\eggPHP\MVC\Base\Controller.php(46): Model->__construct()
#9 D:\wamp\www\eggPHP\MVC\Class\home.class.php(19): home_class->getModel()
#10 unknown(0): home_class->index_action()
#11 D:\wamp\www\eggPHP\Core\App.php(66): call_user_func()
#12 D:\wamp\www\eggPHP\Core\App.php(51): start()
#13 D:\wamp\www\eggPHP\Public\index.php(43): run()
REQUEST_URI=/

[ 2013-08-09T15:32:33+08:00 ]
Accessing static property Pdo_Db::$config as non static (D:\wamp\www\eggPHP\MVC\Driver\Db\Pdo_Db.php:87)
Stack trace:
#0 D:\wamp\www\eggPHP\Core\App.php(105): halt()
#1 D:\wamp\www\eggPHP\MVC\Driver\Db\Pdo_Db.php(87): appError()
#2 D:\wamp\www\eggPHP\MVC\Driver\Db\Pdo_Db.php(151): Pdo_Db->connect()
#3 D:\wamp\www\eggPHP\MVC\Driver\Db\Pdo_Db.php(169): Pdo_Db->initConnect()
#4 D:\wamp\www\eggPHP\MVC\Base\Model.php(191): Pdo_Db->getFields()
#5 D:\wamp\www\eggPHP\MVC\Base\Model.php(186): Model->flush()
#6 D:\wamp\www\eggPHP\MVC\Base\Model.php(171): Model->_checkTableInfo()
#7 D:\wamp\www\eggPHP\MVC\Base\Model.php(145): Model->db()
#8 D:\wamp\www\eggPHP\MVC\Base\Controller.php(46): Model->__construct()
#9 D:\wamp\www\eggPHP\MVC\Class\home.class.php(19): home_class->getModel()
#10 unknown(0): home_class->index_action()
#11 D:\wamp\www\eggPHP\Core\App.php(66): call_user_func()
#12 D:\wamp\www\eggPHP\Core\App.php(51): start()
#13 D:\wamp\www\eggPHP\Public\index.php(43): run()
REQUEST_URI=/

[ 2013-08-09T15:32:33+08:00 ]
invalid data source name (D:\wamp\www\eggPHP\MVC\Driver\Db\Pdo_Db.php:95)
Stack trace:
#0 D:\wamp\www\eggPHP\Core\App.php(105): halt()
#1 D:\wamp\www\eggPHP\Core\App.php(81): appError()
#2 unknown(0): appException()
REQUEST_URI=/

[ 2013-08-09T15:32:33+08:00 ]
invalid data source name (D:\wamp\www\eggPHP\MVC\Driver\Db\Pdo_Db.php:95)
Stack trace:
#0 D:\wamp\www\eggPHP\Core\App.php(105): halt()
#1 D:\wamp\www\eggPHP\Core\App.php(81): appError()
#2 unknown(0): appException()
REQUEST_URI=/

[ 2013-08-09T15:32:33+08:00 ]
运行时间:0.034505128860474

[ 2013-08-09T15:32:33+08:00 ]
内存消耗:256.765625

###############[ 2013-08-09T15:32:33+08:00 ]###############

[ 2013-08-09T15:32:55+08:00 ]
invalid data source name (D:\wamp\www\eggPHP\MVC\Driver\Db\Pdo_Db.php:95)
Stack trace:
#0 D:\wamp\www\eggPHP\Core\App.php(105): halt()
#1 D:\wamp\www\eggPHP\Core\App.php(81): appError()
#2 unknown(0): appException()
REQUEST_URI=/

[ 2013-08-09T15:32:55+08:00 ]
invalid data source name (D:\wamp\www\eggPHP\MVC\Driver\Db\Pdo_Db.php:95)
Stack trace:
#0 D:\wamp\www\eggPHP\Core\App.php(105): halt()
#1 D:\wamp\www\eggPHP\Core\App.php(81): appError()
#2 unknown(0): appException()
REQUEST_URI=/

[ 2013-08-09T15:32:55+08:00 ]
运行时间:0.029504060745239

[ 2013-08-09T15:32:55+08:00 ]
内存消耗:249.9453125

###############[ 2013-08-09T15:32:55+08:00 ]###############

[ 2013-08-09T15:40:20+08:00 ]
invalid data source name (D:\wamp\www\eggPHP\MVC\Driver\Db\Pdo_Db.php:94)
Stack trace:
#0 D:\wamp\www\eggPHP\Core\App.php(105): halt()
#1 D:\wamp\www\eggPHP\Core\App.php(81): appError()
#2 unknown(0): appException()
REQUEST_URI=/

[ 2013-08-09T15:40:20+08:00 ]
invalid data source name (D:\wamp\www\eggPHP\MVC\Driver\Db\Pdo_Db.php:94)
Stack trace:
#0 D:\wamp\www\eggPHP\Core\App.php(105): halt()
#1 D:\wamp\www\eggPHP\Core\App.php(81): appError()
#2 unknown(0): appException()
REQUEST_URI=/

[ 2013-08-09T15:40:20+08:00 ]
运行时间:0.031503915786743

[ 2013-08-09T15:40:20+08:00 ]
内存消耗:249.4765625

###############[ 2013-08-09T15:40:20+08:00 ]###############

[ 2013-08-09T15:43:18+08:00 ]
invalid data source name (D:\wamp\www\eggPHP\MVC\Driver\Db\Pdo_Db.php:94)
Stack trace:
#0 D:\wamp\www\eggPHP\Core\App.php(105): halt()
#1 D:\wamp\www\eggPHP\Core\App.php(81): appError()
#2 unknown(0): appException()
REQUEST_URI=/

[ 2013-08-09T15:43:18+08:00 ]
invalid data source name (D:\wamp\www\eggPHP\MVC\Driver\Db\Pdo_Db.php:94)
Stack trace:
#0 D:\wamp\www\eggPHP\Core\App.php(105): halt()
#1 D:\wamp\www\eggPHP\Core\App.php(81): appError()
#2 unknown(0): appException()
REQUEST_URI=/

[ 2013-08-09T15:43:18+08:00 ]
运行时间:0.032003879547119

[ 2013-08-09T15:43:18+08:00 ]
内存消耗:249.4765625

###############[ 2013-08-09T15:43:18+08:00 ]###############

[ 2013-08-09T15:43:30+08:00 ]
invalid data source name (D:\wamp\www\eggPHP\MVC\Driver\Db\Pdo_Db.php:94)
Stack trace:
#0 D:\wamp\www\eggPHP\Core\App.php(105): halt()
#1 D:\wamp\www\eggPHP\Core\App.php(81): appError()
#2 unknown(0): appException()
REQUEST_URI=/

[ 2013-08-09T15:43:30+08:00 ]
invalid data source name (D:\wamp\www\eggPHP\MVC\Driver\Db\Pdo_Db.php:94)
Stack trace:
#0 D:\wamp\www\eggPHP\Core\App.php(105): halt()
#1 D:\wamp\www\eggPHP\Core\App.php(81): appError()
#2 unknown(0): appException()
REQUEST_URI=/

[ 2013-08-09T15:43:30+08:00 ]
运行时间:0.029502868652344

[ 2013-08-09T15:43:30+08:00 ]
内存消耗:249.4765625

###############[ 2013-08-09T15:43:30+08:00 ]###############

[ 2013-08-09T16:12:45+08:00 ]
could not find driver (D:\wamp\www\eggPHP\MVC\Driver\Db\Pdo_Db.php:96)
Stack trace:
#0 D:\wamp\www\eggPHP\Core\App.php(105): halt()
#1 D:\wamp\www\eggPHP\Core\App.php(81): appError()
#2 unknown(0): appException()
REQUEST_URI=/

[ 2013-08-09T16:12:45+08:00 ]
could not find driver (D:\wamp\www\eggPHP\MVC\Driver\Db\Pdo_Db.php:96)
Stack trace:
#0 D:\wamp\www\eggPHP\Core\App.php(105): halt()
#1 D:\wamp\www\eggPHP\Core\App.php(81): appError()
#2 unknown(0): appException()
REQUEST_URI=/

[ 2013-08-09T16:12:45+08:00 ]
运行时间:0.053003072738647

[ 2013-08-09T16:12:45+08:00 ]
内存消耗:250.15625

###############[ 2013-08-09T16:12:45+08:00 ]###############

[ 2013-08-09T16:13:11+08:00 ]
could not find driver (D:\wamp\www\eggPHP\MVC\Driver\Db\Pdo_Db.php:97)
Stack trace:
#0 D:\wamp\www\eggPHP\Core\App.php(105): halt()
#1 D:\wamp\www\eggPHP\Core\App.php(81): appError()
#2 unknown(0): appException()
REQUEST_URI=/

[ 2013-08-09T16:13:11+08:00 ]
could not find driver (D:\wamp\www\eggPHP\MVC\Driver\Db\Pdo_Db.php:97)
Stack trace:
#0 D:\wamp\www\eggPHP\Core\App.php(105): halt()
#1 D:\wamp\www\eggPHP\Core\App.php(81): appError()
#2 unknown(0): appException()
REQUEST_URI=/

[ 2013-08-09T16:13:11+08:00 ]
运行时间:0.055002927780151

[ 2013-08-09T16:13:11+08:00 ]
内存消耗:250.3046875

###############[ 2013-08-09T16:13:11+08:00 ]###############

[ 2013-08-09T16:14:25+08:00 ]
could not find driver (D:\wamp\www\eggPHP\MVC\Driver\Db\Pdo_Db.php:97)
Stack trace:
#0 D:\wamp\www\eggPHP\Core\App.php(105): halt()
#1 D:\wamp\www\eggPHP\Core\App.php(81): appError()
#2 unknown(0): appException()
REQUEST_URI=/

[ 2013-08-09T16:14:25+08:00 ]
could not find driver (D:\wamp\www\eggPHP\MVC\Driver\Db\Pdo_Db.php:97)
Stack trace:
#0 D:\wamp\www\eggPHP\Core\App.php(105): halt()
#1 D:\wamp\www\eggPHP\Core\App.php(81): appError()
#2 unknown(0): appException()
REQUEST_URI=/

[ 2013-08-09T16:14:25+08:00 ]
运行时间:0.034002065658569

[ 2013-08-09T16:14:25+08:00 ]
内存消耗:250.3046875

###############[ 2013-08-09T16:14:25+08:00 ]###############

[ 2013-08-09T16:21:49+08:00 ]
could not find driver (D:\wamp\www\eggPHP\MVC\Driver\Db\Pdo_Db.php:97)
Stack trace:
#0 D:\wamp\www\eggPHP\Core\App.php(105): halt()
#1 D:\wamp\www\eggPHP\Core\App.php(81): appError()
#2 unknown(0): appException()
REQUEST_URI=/

[ 2013-08-09T16:21:49+08:00 ]
could not find driver (D:\wamp\www\eggPHP\MVC\Driver\Db\Pdo_Db.php:97)
Stack trace:
#0 D:\wamp\www\eggPHP\Core\App.php(105): halt()
#1 D:\wamp\www\eggPHP\Core\App.php(81): appError()
#2 unknown(0): appException()
REQUEST_URI=/

[ 2013-08-09T16:21:49+08:00 ]
运行时间:0.037002086639404

[ 2013-08-09T16:21:49+08:00 ]
内存消耗:250.3046875

###############[ 2013-08-09T16:21:49+08:00 ]###############

[ 2013-08-09T16:22:28+08:00 ]
SQLSTATE[HY000] [2019] Unknown character set (D:\wamp\www\eggPHP\MVC\Driver\Db\Pdo_Db.php:97)
Stack trace:
#0 D:\wamp\www\eggPHP\Core\App.php(105): halt()
#1 D:\wamp\www\eggPHP\Core\App.php(81): appError()
#2 unknown(0): appException()
REQUEST_URI=/

[ 2013-08-09T16:22:28+08:00 ]
SQLSTATE[HY000] [2019] Unknown character set (D:\wamp\www\eggPHP\MVC\Driver\Db\Pdo_Db.php:97)
Stack trace:
#0 D:\wamp\www\eggPHP\Core\App.php(105): halt()
#1 D:\wamp\www\eggPHP\Core\App.php(81): appError()
#2 unknown(0): appException()
REQUEST_URI=/

[ 2013-08-09T16:22:28+08:00 ]
运行时间:0.19901204109192

[ 2013-08-09T16:22:28+08:00 ]
内存消耗:255.78125

###############[ 2013-08-09T16:22:28+08:00 ]###############

[ 2013-08-09T16:23:02+08:00 ]
Call to undefined function C() (D:\wamp\www\eggPHP\MVC\Driver\Db\Pdo_Db.php:108)
Stack trace:
#0 D:\wamp\www\eggPHP\Core\App.php(97): halt()
#1 D:\wamp\www\eggPHP\Core\App.php(156): appError()
#2 unknown(0): fatalError()
REQUEST_URI=/

[ 2013-08-09T16:23:02+08:00 ]
Call to undefined function C() (D:\wamp\www\eggPHP\MVC\Driver\Db\Pdo_Db.php:108)
Stack trace:
#0 D:\wamp\www\eggPHP\Core\App.php(97): halt()
#1 D:\wamp\www\eggPHP\Core\App.php(156): appError()
#2 unknown(0): fatalError()
REQUEST_URI=/

[ 2013-08-09T16:23:02+08:00 ]
运行时间:2.1991260051727

[ 2013-08-09T16:23:02+08:00 ]
内存消耗:267.6328125

###############[ 2013-08-09T16:23:02+08:00 ]###############

[ 2013-08-09T16:23:25+08:00 ]
DESCRIBE demo.yx_home [ RunTime:0.28001618385315s ]

[ 2013-08-09T16:23:25+08:00 ]
1146:Table 'demo.yx_home' doesn't exist
 [ SQL语句 ] : DESCRIBE demo.yx_home

[ 2013-08-09T16:23:25+08:00 ]
运行时间:0.54703187942505

[ 2013-08-09T16:23:25+08:00 ]
内存消耗:259.71875

###############[ 2013-08-09T16:23:25+08:00 ]###############

[ 2013-08-09T16:25:15+08:00 ]
DESCRIBE demo.yx_home [ RunTime:0.017000913619995s ]

[ 2013-08-09T16:25:15+08:00 ]
1146:Table 'demo.yx_home' doesn't exist
 [ SQL语句 ] : DESCRIBE demo.yx_home

[ 2013-08-09T16:25:15+08:00 ]
运行时间:0.29501700401306

[ 2013-08-09T16:25:15+08:00 ]
内存消耗:259.7734375

###############[ 2013-08-09T16:25:15+08:00 ]###############

[ 2013-08-09T16:27:13+08:00 ]
DESCRIBE demo.yx_home [ RunTime:0.019001007080078s ]

[ 2013-08-09T16:27:13+08:00 ]
1146:Table 'demo.yx_home' doesn't exist
 [ SQL语句 ] : DESCRIBE demo.yx_home

[ 2013-08-09T16:27:13+08:00 ]
运行时间:0.095005035400391

[ 2013-08-09T16:27:13+08:00 ]
内存消耗:259.6171875

###############[ 2013-08-09T16:27:13+08:00 ]###############

[ 2013-08-09T16:28:24+08:00 ]
DESCRIBE demo.yx_home [ RunTime:0.0070011615753174s ]

[ 2013-08-09T16:28:24+08:00 ]
1146:Table 'demo.yx_home' doesn't exist
 [ SQL语句 ] : DESCRIBE demo.yx_home

[ 2013-08-09T16:28:24+08:00 ]
运行时间:0.075003862380981

[ 2013-08-09T16:28:24+08:00 ]
内存消耗:257.390625

###############[ 2013-08-09T16:28:24+08:00 ]###############

[ 2013-08-09T16:29:26+08:00 ]
DESCRIBE demo.yx_home [ RunTime:0.0060000419616699s ]

[ 2013-08-09T16:29:26+08:00 ]
1146:Table 'demo.yx_home' doesn't exist
 [ SQL语句 ] : DESCRIBE demo.yx_home

[ 2013-08-09T16:29:26+08:00 ]
运行时间:0.059002876281738

[ 2013-08-09T16:29:26+08:00 ]
内存消耗:257.390625

###############[ 2013-08-09T16:29:26+08:00 ]###############

[ 2013-08-09T16:48:38+08:00 ]
DESCRIBE demo.yx_home [ RunTime:0.0060000419616699s ]

[ 2013-08-09T16:48:38+08:00 ]
1146:Table 'demo.yx_home' doesn't exist
 [ SQL语句 ] : DESCRIBE demo.yx_home

[ 2013-08-09T16:48:38+08:00 ]
运行时间:0.062004089355469

[ 2013-08-09T16:48:38+08:00 ]
内存消耗:257.390625

###############[ 2013-08-09T16:48:38+08:00 ]###############

[ 2013-08-09T16:53:22+08:00 ]
DESCRIBE demo.yx_home [ RunTime:0.0060009956359863s ]

[ 2013-08-09T16:53:22+08:00 ]
1146:Table 'demo.yx_home' doesn't exist
 [ SQL语句 ] : DESCRIBE demo.yx_home

[ 2013-08-09T16:53:22+08:00 ]
运行时间:0.036002159118652

[ 2013-08-09T16:53:22+08:00 ]
内存消耗:257.296875

###############[ 2013-08-09T16:53:22+08:00 ]###############

[ 2013-08-09T16:53:54+08:00 ]
DESCRIBE demo.yx_admin [ RunTime:0.18200993537903s ]

[ 2013-08-09T16:53:54+08:00 ]
运行时间:0.24001288414001

[ 2013-08-09T16:53:54+08:00 ]
内存消耗:260.328125

###############[ 2013-08-09T16:53:54+08:00 ]###############

[ 2013-08-09T17:03:30+08:00 ]
DESCRIBE demo.yx_admin [ RunTime:0.0060000419616699s ]

[ 2013-08-09T17:03:30+08:00 ]
运行时间:0.066004037857056

[ 2013-08-09T17:03:30+08:00 ]
内存消耗:263.9921875

###############[ 2013-08-09T17:03:30+08:00 ]###############

[ 2013-08-09T17:04:14+08:00 ]
DESCRIBE demo.yx_admin [ RunTime:0.0079998970031738s ]

[ 2013-08-09T17:04:14+08:00 ]
运行时间:0.08800482749939

[ 2013-08-09T17:04:14+08:00 ]
内存消耗:263.9921875

###############[ 2013-08-09T17:04:14+08:00 ]###############

[ 2013-08-09T17:04:58+08:00 ]
DESCRIBE demo.yx_admin [ RunTime:0.0060009956359863s ]

[ 2013-08-09T17:04:58+08:00 ]
运行时间:0.048002958297729

[ 2013-08-09T17:04:58+08:00 ]
内存消耗:264.0625

###############[ 2013-08-09T17:04:58+08:00 ]###############

[ 2013-08-09T17:12:52+08:00 ]
DESCRIBE demo.yx_admin [ RunTime:78.672499895096s ]

[ 2013-08-09T17:16:36+08:00 ]
运行时间:657.67461705208

[ 2013-08-09T17:16:36+08:00 ]
内存消耗:437.4765625

###############[ 2013-08-09T17:16:36+08:00 ]###############

[ 2013-08-09T17:18:14+08:00 ]
DESCRIBE demo.yx_admin [ RunTime:0.0060000419616699s ]

[ 2013-08-09T17:18:14+08:00 ]
运行时间:0.13300800323486

[ 2013-08-09T17:18:14+08:00 ]
内存消耗:264.5625

###############[ 2013-08-09T17:18:14+08:00 ]###############

[ 2013-08-09T17:18:18+08:00 ]
DESCRIBE demo.yx_admin [ RunTime:0.0060000419616699s ]

[ 2013-08-09T17:18:18+08:00 ]
运行时间:0.062004089355469

[ 2013-08-09T17:18:18+08:00 ]
内存消耗:264.5234375

###############[ 2013-08-09T17:18:18+08:00 ]###############

[ 2013-08-09T17:20:01+08:00 ]
DESCRIBE demo.yx_admin [ RunTime:0.025001049041748s ]

[ 2013-08-09T17:20:01+08:00 ]
运行时间:0.067003965377808

[ 2013-08-09T17:20:01+08:00 ]
内存消耗:264.5234375

###############[ 2013-08-09T17:20:01+08:00 ]###############

[ 2013-08-09T17:26:32+08:00 ]
Class '_class' not found (D:\wamp\www\eggPHP\MVC\Base\Controller.php:22)
Stack trace:
#0 D:\wamp\www\eggPHP\Core\App.php(97): halt()
#1 D:\wamp\www\eggPHP\Core\App.php(156): appError()
#2 unknown(0): fatalError()
REQUEST_URI=/

[ 2013-08-09T17:26:32+08:00 ]
Class '_class' not found (D:\wamp\www\eggPHP\MVC\Base\Controller.php:22)
Stack trace:
#0 D:\wamp\www\eggPHP\Core\App.php(97): halt()
#1 D:\wamp\www\eggPHP\Core\App.php(156): appError()
#2 unknown(0): fatalError()
REQUEST_URI=/

[ 2013-08-09T17:26:32+08:00 ]
运行时间:0.051002979278564

[ 2013-08-09T17:26:32+08:00 ]
内存消耗:130.4296875

###############[ 2013-08-09T17:26:32+08:00 ]###############

[ 2013-08-09T17:28:08+08:00 ]
D:\wamp\www\eggPHP\Run\config\dev\router.php文件不存在! (D:\wamp\www\eggPHP\Core\Config.php:51)
Stack trace:
#0 D:\wamp\www\eggPHP\Core\App.php(105): halt()
#1 D:\wamp\www\eggPHP\Core\App.php(81): appError()
#2 unknown(0): appException()
REQUEST_URI=/

[ 2013-08-09T17:28:08+08:00 ]
D:\wamp\www\eggPHP\Run\config\dev\router.php文件不存在! (D:\wamp\www\eggPHP\Core\Config.php:51)
Stack trace:
#0 D:\wamp\www\eggPHP\Core\App.php(105): halt()
#1 D:\wamp\www\eggPHP\Core\App.php(81): appError()
#2 unknown(0): appException()
REQUEST_URI=/

[ 2013-08-09T17:28:08+08:00 ]
运行时间:0.019001007080078

[ 2013-08-09T17:28:08+08:00 ]
内存消耗:149.1640625

###############[ 2013-08-09T17:28:08+08:00 ]###############

[ 2013-08-09T17:29:01+08:00 ]
数据库配置参数为空! (D:\wamp\www\eggPHP\Core\Db.php:47)
Stack trace:
#0 D:\wamp\www\eggPHP\Core\App.php(105): halt()
#1 D:\wamp\www\eggPHP\Core\App.php(81): appError()
#2 unknown(0): appException()
REQUEST_URI=/

[ 2013-08-09T17:29:01+08:00 ]
数据库配置参数为空! (D:\wamp\www\eggPHP\Core\Db.php:47)
Stack trace:
#0 D:\wamp\www\eggPHP\Core\App.php(105): halt()
#1 D:\wamp\www\eggPHP\Core\App.php(81): appError()
#2 unknown(0): appException()
REQUEST_URI=/

[ 2013-08-09T17:29:01+08:00 ]
运行时间:0.024002075195312

[ 2013-08-09T17:29:01+08:00 ]
内存消耗:216.71875

###############[ 2013-08-09T17:29:01+08:00 ]###############

[ 2013-08-09T17:30:09+08:00 ]
DESCRIBE demo.yx_admin [ RunTime:0.0080008506774902s ]

[ 2013-08-09T17:30:09+08:00 ]
运行时间:0.041001796722412

[ 2013-08-09T17:30:09+08:00 ]
内存消耗:263.078125

###############[ 2013-08-09T17:30:09+08:00 ]###############
