
[ 2013-07-09T14:05:47+08:00 ]
create_function() expects parameter 2 to be string, object given (D:\wamp\www\eggPHP\Core\App.php:165)
Stack trace:
#0 D:\wamp\www\eggPHP\Public\index.php(39): init()
REQUEST_URI=/

[ 2013-07-09T14:05:47+08:00 ]
create_function() expects parameter 2 to be string, object given (D:\wamp\www\eggPHP\Core\App.php:165)
Stack trace:
#0 D:\wamp\www\eggPHP\Public\index.php(39): init()
REQUEST_URI=/

###############[ 2013-07-09T14:05:47+08:00 ]###############

[ 2013-07-09T14:05:47+08:00 ]
create_function() expects parameter 2 to be string, object given (D:\wamp\www\eggPHP\Core\App.php:165)
Stack trace:
#0 D:\wamp\www\eggPHP\Public\index.php(39): init()
REQUEST_URI=/

[ 2013-07-09T14:05:47+08:00 ]
create_function() expects parameter 2 to be string, object given (D:\wamp\www\eggPHP\Core\App.php:165)
Stack trace:
#0 D:\wamp\www\eggPHP\Public\index.php(39): init()
REQUEST_URI=/

[ 2013-07-09T14:05:47+08:00 ]
Argument 1 passed to Event::add() must be an instance of string, string given, called in D:\wamp\www\eggPHP\Core\App.php on line 165 and defined (D:\wamp\www\eggPHP\Core\Event.php:50)
Stack trace:
#0 D:\wamp\www\eggPHP\Public\index.php(39): init()
REQUEST_URI=/

[ 2013-07-09T14:05:47+08:00 ]
Argument 1 passed to Event::add() must be an instance of string, string given, called in D:\wamp\www\eggPHP\Core\App.php on line 165 and defined (D:\wamp\www\eggPHP\Core\Event.php:50)
Stack trace:
#0 D:\wamp\www\eggPHP\Public\index.php(39): init()
REQUEST_URI=/

###############[ 2013-07-09T14:05:47+08:00 ]###############

[ 2013-07-09T14:05:47+08:00 ]
create_function() expects parameter 2 to be string, object given (D:\wamp\www\eggPHP\Core\App.php:165)
Stack trace:
#0 D:\wamp\www\eggPHP\Public\index.php(39): init()
REQUEST_URI=/

[ 2013-07-09T14:05:47+08:00 ]
create_function() expects parameter 2 to be string, object given (D:\wamp\www\eggPHP\Core\App.php:165)
Stack trace:
#0 D:\wamp\www\eggPHP\Public\index.php(39): init()
REQUEST_URI=/

[ 2013-07-09T14:05:47+08:00 ]
Argument 1 passed to Event::add() must be an instance of string, string given, called in D:\wamp\www\eggPHP\Core\App.php on line 165 and defined (D:\wamp\www\eggPHP\Core\Event.php:50)
Stack trace:
#0 D:\wamp\www\eggPHP\Public\index.php(39): init()
REQUEST_URI=/

[ 2013-07-09T14:05:47+08:00 ]
Argument 1 passed to Event::add() must be an instance of string, string given, called in D:\wamp\www\eggPHP\Core\App.php on line 165 and defined (D:\wamp\www\eggPHP\Core\Event.php:50)
Stack trace:
#0 D:\wamp\www\eggPHP\Public\index.php(39): init()
REQUEST_URI=/

[ 2013-07-09T14:05:47+08:00 ]
Argument 2 passed to Event::add() must be an instance of callable, null given, called in D:\wamp\www\eggPHP\Core\App.php on line 165 and defined (D:\wamp\www\eggPHP\Core\Event.php:50)
Stack trace:
#0 D:\wamp\www\eggPHP\Public\index.php(39): init()
REQUEST_URI=/

[ 2013-07-09T14:05:47+08:00 ]
Argument 2 passed to Event::add() must be an instance of callable, null given, called in D:\wamp\www\eggPHP\Core\App.php on line 165 and defined (D:\wamp\www\eggPHP\Core\Event.php:50)
Stack trace:
#0 D:\wamp\www\eggPHP\Public\index.php(39): init()
REQUEST_URI=/

###############[ 2013-07-09T14:05:47+08:00 ]###############

[ 2013-07-09T14:05:47+08:00 ]
create_function() expects parameter 2 to be string, object given (D:\wamp\www\eggPHP\Core\App.php:165)
Stack trace:
#0 D:\wamp\www\eggPHP\Public\index.php(39): init()
REQUEST_URI=/

[ 2013-07-09T14:05:47+08:00 ]
create_function() expects parameter 2 to be string, object given (D:\wamp\www\eggPHP\Core\App.php:165)
Stack trace:
#0 D:\wamp\www\eggPHP\Public\index.php(39): init()
REQUEST_URI=/

[ 2013-07-09T14:05:47+08:00 ]
Argument 1 passed to Event::add() must be an instance of string, string given, called in D:\wamp\www\eggPHP\Core\App.php on line 165 and defined (D:\wamp\www\eggPHP\Core\Event.php:50)
Stack trace:
#0 D:\wamp\www\eggPHP\Public\index.php(39): init()
REQUEST_URI=/

[ 2013-07-09T14:05:47+08:00 ]
Argument 1 passed to Event::add() must be an instance of string, string given, called in D:\wamp\www\eggPHP\Core\App.php on line 165 and defined (D:\wamp\www\eggPHP\Core\Event.php:50)
Stack trace:
#0 D:\wamp\www\eggPHP\Public\index.php(39): init()
REQUEST_URI=/

[ 2013-07-09T14:05:47+08:00 ]
Argument 2 passed to Event::add() must be an instance of callable, null given, called in D:\wamp\www\eggPHP\Core\App.php on line 165 and defined (D:\wamp\www\eggPHP\Core\Event.php:50)
Stack trace:
#0 D:\wamp\www\eggPHP\Public\index.php(39): init()
REQUEST_URI=/

[ 2013-07-09T14:05:47+08:00 ]
Argument 2 passed to Event::add() must be an instance of callable, null given, called in D:\wamp\www\eggPHP\Core\App.php on line 165 and defined (D:\wamp\www\eggPHP\Core\Event.php:50)
Stack trace:
#0 D:\wamp\www\eggPHP\Public\index.php(39): init()
REQUEST_URI=/

[ 2013-07-09T14:05:47+08:00 ]
call_user_func() expects parameter 1 to be a valid callback, class 'Event' does not have a method 'run' (D:\wamp\www\eggPHP\Core\Event.php:38)
Stack trace:
#0 D:\wamp\www\eggPHP\Core\App.php(172): happen()
#1 D:\wamp\www\eggPHP\Public\index.php(39): init()
REQUEST_URI=/

[ 2013-07-09T14:05:47+08:00 ]
call_user_func() expects parameter 1 to be a valid callback, class 'Event' does not have a method 'run' (D:\wamp\www\eggPHP\Core\Event.php:38)
Stack trace:
#0 D:\wamp\www\eggPHP\Core\App.php(172): happen()
#1 D:\wamp\www\eggPHP\Public\index.php(39): init()
REQUEST_URI=/

###############[ 2013-07-09T14:05:47+08:00 ]###############

[ 2013-07-09T14:05:47+08:00 ]
create_function() expects parameter 2 to be string, object given (D:\wamp\www\eggPHP\Core\App.php:165)
Stack trace:
#0 D:\wamp\www\eggPHP\Public\index.php(39): init()
REQUEST_URI=/

[ 2013-07-09T14:05:47+08:00 ]
create_function() expects parameter 2 to be string, object given (D:\wamp\www\eggPHP\Core\App.php:165)
Stack trace:
#0 D:\wamp\www\eggPHP\Public\index.php(39): init()
REQUEST_URI=/

[ 2013-07-09T14:05:47+08:00 ]
Argument 1 passed to Event::add() must be an instance of string, string given, called in D:\wamp\www\eggPHP\Core\App.php on line 165 and defined (D:\wamp\www\eggPHP\Core\Event.php:50)
Stack trace:
#0 D:\wamp\www\eggPHP\Public\index.php(39): init()
REQUEST_URI=/

[ 2013-07-09T14:05:47+08:00 ]
Argument 1 passed to Event::add() must be an instance of string, string given, called in D:\wamp\www\eggPHP\Core\App.php on line 165 and defined (D:\wamp\www\eggPHP\Core\Event.php:50)
Stack trace:
#0 D:\wamp\www\eggPHP\Public\index.php(39): init()
REQUEST_URI=/

[ 2013-07-09T14:05:47+08:00 ]
Argument 2 passed to Event::add() must be an instance of callable, null given, called in D:\wamp\www\eggPHP\Core\App.php on line 165 and defined (D:\wamp\www\eggPHP\Core\Event.php:50)
Stack trace:
#0 D:\wamp\www\eggPHP\Public\index.php(39): init()
REQUEST_URI=/

[ 2013-07-09T14:05:47+08:00 ]
Argument 2 passed to Event::add() must be an instance of callable, null given, called in D:\wamp\www\eggPHP\Core\App.php on line 165 and defined (D:\wamp\www\eggPHP\Core\Event.php:50)
Stack trace:
#0 D:\wamp\www\eggPHP\Public\index.php(39): init()
REQUEST_URI=/

[ 2013-07-09T14:05:47+08:00 ]
call_user_func() expects parameter 1 to be a valid callback, class 'Event' does not have a method 'run' (D:\wamp\www\eggPHP\Core\Event.php:38)
Stack trace:
#0 D:\wamp\www\eggPHP\Core\App.php(172): happen()
#1 D:\wamp\www\eggPHP\Public\index.php(39): init()
REQUEST_URI=/

[ 2013-07-09T14:05:47+08:00 ]
call_user_func() expects parameter 1 to be a valid callback, class 'Event' does not have a method 'run' (D:\wamp\www\eggPHP\Core\Event.php:38)
Stack trace:
#0 D:\wamp\www\eggPHP\Core\App.php(172): happen()
#1 D:\wamp\www\eggPHP\Public\index.php(39): init()
REQUEST_URI=/

[ 2013-07-09T14:05:47+08:00 ]
运行时间:0.047001838684082

[ 2013-07-09T14:05:47+08:00 ]
内存消耗:30.7265625

###############[ 2013-07-09T14:05:47+08:00 ]###############

[ 2013-07-09T14:08:56+08:00 ]
Argument 1 passed to Event::add() must be an instance of string, string given, called in D:\wamp\www\eggPHP\Core\App.php on line 164 and defined (D:\wamp\www\eggPHP\Core\Event.php:50)
Stack trace:
#0 D:\wamp\www\eggPHP\Public\index.php(39): init()
REQUEST_URI=/

[ 2013-07-09T14:08:56+08:00 ]
Argument 1 passed to Event::add() must be an instance of string, string given, called in D:\wamp\www\eggPHP\Core\App.php on line 164 and defined (D:\wamp\www\eggPHP\Core\Event.php:50)
Stack trace:
#0 D:\wamp\www\eggPHP\Public\index.php(39): init()
REQUEST_URI=/

###############[ 2013-07-09T14:08:56+08:00 ]###############

[ 2013-07-09T14:08:56+08:00 ]
Argument 1 passed to Event::add() must be an instance of string, string given, called in D:\wamp\www\eggPHP\Core\App.php on line 164 and defined (D:\wamp\www\eggPHP\Core\Event.php:50)
Stack trace:
#0 D:\wamp\www\eggPHP\Public\index.php(39): init()
REQUEST_URI=/

[ 2013-07-09T14:08:56+08:00 ]
Argument 1 passed to Event::add() must be an instance of string, string given, called in D:\wamp\www\eggPHP\Core\App.php on line 164 and defined (D:\wamp\www\eggPHP\Core\Event.php:50)
Stack trace:
#0 D:\wamp\www\eggPHP\Public\index.php(39): init()
REQUEST_URI=/

[ 2013-07-09T14:08:56+08:00 ]
Argument 2 passed to Event::add() must be an instance of callable, boolean given, called in D:\wamp\www\eggPHP\Core\App.php on line 164 and defined (D:\wamp\www\eggPHP\Core\Event.php:50)
Stack trace:
#0 D:\wamp\www\eggPHP\Public\index.php(39): init()
REQUEST_URI=/

[ 2013-07-09T14:08:56+08:00 ]
Argument 2 passed to Event::add() must be an instance of callable, boolean given, called in D:\wamp\www\eggPHP\Core\App.php on line 164 and defined (D:\wamp\www\eggPHP\Core\Event.php:50)
Stack trace:
#0 D:\wamp\www\eggPHP\Public\index.php(39): init()
REQUEST_URI=/

###############[ 2013-07-09T14:08:56+08:00 ]###############

[ 2013-07-09T14:08:56+08:00 ]
Argument 1 passed to Event::add() must be an instance of string, string given, called in D:\wamp\www\eggPHP\Core\App.php on line 164 and defined (D:\wamp\www\eggPHP\Core\Event.php:50)
Stack trace:
#0 D:\wamp\www\eggPHP\Public\index.php(39): init()
REQUEST_URI=/

[ 2013-07-09T14:08:56+08:00 ]
Argument 1 passed to Event::add() must be an instance of string, string given, called in D:\wamp\www\eggPHP\Core\App.php on line 164 and defined (D:\wamp\www\eggPHP\Core\Event.php:50)
Stack trace:
#0 D:\wamp\www\eggPHP\Public\index.php(39): init()
REQUEST_URI=/

[ 2013-07-09T14:08:56+08:00 ]
Argument 2 passed to Event::add() must be an instance of callable, boolean given, called in D:\wamp\www\eggPHP\Core\App.php on line 164 and defined (D:\wamp\www\eggPHP\Core\Event.php:50)
Stack trace:
#0 D:\wamp\www\eggPHP\Public\index.php(39): init()
REQUEST_URI=/

[ 2013-07-09T14:08:56+08:00 ]
Argument 2 passed to Event::add() must be an instance of callable, boolean given, called in D:\wamp\www\eggPHP\Core\App.php on line 164 and defined (D:\wamp\www\eggPHP\Core\Event.php:50)
Stack trace:
#0 D:\wamp\www\eggPHP\Public\index.php(39): init()
REQUEST_URI=/

[ 2013-07-09T14:08:56+08:00 ]
call_user_func() expects parameter 1 to be a valid callback, class 'Event' does not have a method 'run' (D:\wamp\www\eggPHP\Core\Event.php:38)
Stack trace:
#0 D:\wamp\www\eggPHP\Core\App.php(171): happen()
#1 D:\wamp\www\eggPHP\Public\index.php(39): init()
REQUEST_URI=/

[ 2013-07-09T14:08:56+08:00 ]
call_user_func() expects parameter 1 to be a valid callback, class 'Event' does not have a method 'run' (D:\wamp\www\eggPHP\Core\Event.php:38)
Stack trace:
#0 D:\wamp\www\eggPHP\Core\App.php(171): happen()
#1 D:\wamp\www\eggPHP\Public\index.php(39): init()
REQUEST_URI=/

###############[ 2013-07-09T14:08:56+08:00 ]###############

[ 2013-07-09T14:08:56+08:00 ]
Argument 1 passed to Event::add() must be an instance of string, string given, called in D:\wamp\www\eggPHP\Core\App.php on line 164 and defined (D:\wamp\www\eggPHP\Core\Event.php:50)
Stack trace:
#0 D:\wamp\www\eggPHP\Public\index.php(39): init()
REQUEST_URI=/

[ 2013-07-09T14:08:56+08:00 ]
Argument 1 passed to Event::add() must be an instance of string, string given, called in D:\wamp\www\eggPHP\Core\App.php on line 164 and defined (D:\wamp\www\eggPHP\Core\Event.php:50)
Stack trace:
#0 D:\wamp\www\eggPHP\Public\index.php(39): init()
REQUEST_URI=/

[ 2013-07-09T14:08:56+08:00 ]
Argument 2 passed to Event::add() must be an instance of callable, boolean given, called in D:\wamp\www\eggPHP\Core\App.php on line 164 and defined (D:\wamp\www\eggPHP\Core\Event.php:50)
Stack trace:
#0 D:\wamp\www\eggPHP\Public\index.php(39): init()
REQUEST_URI=/

[ 2013-07-09T14:08:56+08:00 ]
Argument 2 passed to Event::add() must be an instance of callable, boolean given, called in D:\wamp\www\eggPHP\Core\App.php on line 164 and defined (D:\wamp\www\eggPHP\Core\Event.php:50)
Stack trace:
#0 D:\wamp\www\eggPHP\Public\index.php(39): init()
REQUEST_URI=/

[ 2013-07-09T14:08:56+08:00 ]
call_user_func() expects parameter 1 to be a valid callback, class 'Event' does not have a method 'run' (D:\wamp\www\eggPHP\Core\Event.php:38)
Stack trace:
#0 D:\wamp\www\eggPHP\Core\App.php(171): happen()
#1 D:\wamp\www\eggPHP\Public\index.php(39): init()
REQUEST_URI=/

[ 2013-07-09T14:08:56+08:00 ]
call_user_func() expects parameter 1 to be a valid callback, class 'Event' does not have a method 'run' (D:\wamp\www\eggPHP\Core\Event.php:38)
Stack trace:
#0 D:\wamp\www\eggPHP\Core\App.php(171): happen()
#1 D:\wamp\www\eggPHP\Public\index.php(39): init()
REQUEST_URI=/

[ 2013-07-09T14:08:56+08:00 ]
syntax error, unexpected '}' (D:\wamp\www\eggPHP\Core\App.php(164) : runtime-created function:1)
Stack trace:
#0 D:\wamp\www\eggPHP\Core\App.php(68): halt()
#1 D:\wamp\www\eggPHP\Core\App.php(118): appError()
#2 unknown(0): fatalError()
REQUEST_URI=/

[ 2013-07-09T14:08:56+08:00 ]
syntax error, unexpected '}' (D:\wamp\www\eggPHP\Core\App.php(164) : runtime-created function:1)
Stack trace:
#0 D:\wamp\www\eggPHP\Core\App.php(68): halt()
#1 D:\wamp\www\eggPHP\Core\App.php(118): appError()
#2 unknown(0): fatalError()
REQUEST_URI=/

###############[ 2013-07-09T14:08:56+08:00 ]###############

[ 2013-07-09T14:08:56+08:00 ]
Argument 1 passed to Event::add() must be an instance of string, string given, called in D:\wamp\www\eggPHP\Core\App.php on line 164 and defined (D:\wamp\www\eggPHP\Core\Event.php:50)
Stack trace:
#0 D:\wamp\www\eggPHP\Public\index.php(39): init()
REQUEST_URI=/

[ 2013-07-09T14:08:56+08:00 ]
Argument 1 passed to Event::add() must be an instance of string, string given, called in D:\wamp\www\eggPHP\Core\App.php on line 164 and defined (D:\wamp\www\eggPHP\Core\Event.php:50)
Stack trace:
#0 D:\wamp\www\eggPHP\Public\index.php(39): init()
REQUEST_URI=/

[ 2013-07-09T14:08:56+08:00 ]
Argument 2 passed to Event::add() must be an instance of callable, boolean given, called in D:\wamp\www\eggPHP\Core\App.php on line 164 and defined (D:\wamp\www\eggPHP\Core\Event.php:50)
Stack trace:
#0 D:\wamp\www\eggPHP\Public\index.php(39): init()
REQUEST_URI=/

[ 2013-07-09T14:08:56+08:00 ]
Argument 2 passed to Event::add() must be an instance of callable, boolean given, called in D:\wamp\www\eggPHP\Core\App.php on line 164 and defined (D:\wamp\www\eggPHP\Core\Event.php:50)
Stack trace:
#0 D:\wamp\www\eggPHP\Public\index.php(39): init()
REQUEST_URI=/

[ 2013-07-09T14:08:56+08:00 ]
call_user_func() expects parameter 1 to be a valid callback, class 'Event' does not have a method 'run' (D:\wamp\www\eggPHP\Core\Event.php:38)
Stack trace:
#0 D:\wamp\www\eggPHP\Core\App.php(171): happen()
#1 D:\wamp\www\eggPHP\Public\index.php(39): init()
REQUEST_URI=/

[ 2013-07-09T14:08:56+08:00 ]
call_user_func() expects parameter 1 to be a valid callback, class 'Event' does not have a method 'run' (D:\wamp\www\eggPHP\Core\Event.php:38)
Stack trace:
#0 D:\wamp\www\eggPHP\Core\App.php(171): happen()
#1 D:\wamp\www\eggPHP\Public\index.php(39): init()
REQUEST_URI=/

[ 2013-07-09T14:08:56+08:00 ]
syntax error, unexpected '}' (D:\wamp\www\eggPHP\Core\App.php(164) : runtime-created function:1)
Stack trace:
#0 D:\wamp\www\eggPHP\Core\App.php(68): halt()
#1 D:\wamp\www\eggPHP\Core\App.php(118): appError()
#2 unknown(0): fatalError()
REQUEST_URI=/

[ 2013-07-09T14:08:56+08:00 ]
syntax error, unexpected '}' (D:\wamp\www\eggPHP\Core\App.php(164) : runtime-created function:1)
Stack trace:
#0 D:\wamp\www\eggPHP\Core\App.php(68): halt()
#1 D:\wamp\www\eggPHP\Core\App.php(118): appError()
#2 unknown(0): fatalError()
REQUEST_URI=/

[ 2013-07-09T14:08:56+08:00 ]
运行时间:0.052002906799316

[ 2013-07-09T14:08:56+08:00 ]
内存消耗:95.6171875

###############[ 2013-07-09T14:08:56+08:00 ]###############

[ 2013-07-09T14:09:12+08:00 ]
Argument 1 passed to Event::add() must be an instance of string, string given, called in D:\wamp\www\eggPHP\Core\App.php on line 164 and defined (D:\wamp\www\eggPHP\Core\Event.php:50)
Stack trace:
#0 D:\wamp\www\eggPHP\Public\index.php(39): init()
REQUEST_URI=/

[ 2013-07-09T14:09:12+08:00 ]
Argument 1 passed to Event::add() must be an instance of string, string given, called in D:\wamp\www\eggPHP\Core\App.php on line 164 and defined (D:\wamp\www\eggPHP\Core\Event.php:50)
Stack trace:
#0 D:\wamp\www\eggPHP\Public\index.php(39): init()
REQUEST_URI=/

###############[ 2013-07-09T14:09:12+08:00 ]###############

[ 2013-07-09T14:09:12+08:00 ]
Argument 1 passed to Event::add() must be an instance of string, string given, called in D:\wamp\www\eggPHP\Core\App.php on line 164 and defined (D:\wamp\www\eggPHP\Core\Event.php:50)
Stack trace:
#0 D:\wamp\www\eggPHP\Public\index.php(39): init()
REQUEST_URI=/

[ 2013-07-09T14:09:12+08:00 ]
Argument 1 passed to Event::add() must be an instance of string, string given, called in D:\wamp\www\eggPHP\Core\App.php on line 164 and defined (D:\wamp\www\eggPHP\Core\Event.php:50)
Stack trace:
#0 D:\wamp\www\eggPHP\Public\index.php(39): init()
REQUEST_URI=/

[ 2013-07-09T14:09:12+08:00 ]
Argument 2 passed to Event::add() must be an instance of callable, string given, called in D:\wamp\www\eggPHP\Core\App.php on line 164 and defined (D:\wamp\www\eggPHP\Core\Event.php:50)
Stack trace:
#0 D:\wamp\www\eggPHP\Public\index.php(39): init()
REQUEST_URI=/

[ 2013-07-09T14:09:12+08:00 ]
Argument 2 passed to Event::add() must be an instance of callable, string given, called in D:\wamp\www\eggPHP\Core\App.php on line 164 and defined (D:\wamp\www\eggPHP\Core\Event.php:50)
Stack trace:
#0 D:\wamp\www\eggPHP\Public\index.php(39): init()
REQUEST_URI=/

###############[ 2013-07-09T14:09:12+08:00 ]###############

[ 2013-07-09T14:09:12+08:00 ]
Argument 1 passed to Event::add() must be an instance of string, string given, called in D:\wamp\www\eggPHP\Core\App.php on line 164 and defined (D:\wamp\www\eggPHP\Core\Event.php:50)
Stack trace:
#0 D:\wamp\www\eggPHP\Public\index.php(39): init()
REQUEST_URI=/

[ 2013-07-09T14:09:12+08:00 ]
Argument 1 passed to Event::add() must be an instance of string, string given, called in D:\wamp\www\eggPHP\Core\App.php on line 164 and defined (D:\wamp\www\eggPHP\Core\Event.php:50)
Stack trace:
#0 D:\wamp\www\eggPHP\Public\index.php(39): init()
REQUEST_URI=/

[ 2013-07-09T14:09:12+08:00 ]
Argument 2 passed to Event::add() must be an instance of callable, string given, called in D:\wamp\www\eggPHP\Core\App.php on line 164 and defined (D:\wamp\www\eggPHP\Core\Event.php:50)
Stack trace:
#0 D:\wamp\www\eggPHP\Public\index.php(39): init()
REQUEST_URI=/

[ 2013-07-09T14:09:12+08:00 ]
Argument 2 passed to Event::add() must be an instance of callable, string given, called in D:\wamp\www\eggPHP\Core\App.php on line 164 and defined (D:\wamp\www\eggPHP\Core\Event.php:50)
Stack trace:
#0 D:\wamp\www\eggPHP\Public\index.php(39): init()
REQUEST_URI=/

[ 2013-07-09T14:09:12+08:00 ]
exception 'Exception' with message 'D:\wamp\www\eggPHP\Common\Events\' in D:\wamp\www\eggPHP\Common\Tools.php:31
Stack trace:
#0 D:\wamp\www\eggPHP\Core\App.php(105): Tools::import('D:\wamp\www\egg...')
#1 [internal function]: App::autoload('?lambda_1Event')
#2 [internal function]: spl_autoload_call('?lambda_1Event')
#3 D:\wamp\www\eggPHP\Core\Event.php(37): class_exists('?lambda_1Event')
#4 D:\wamp\www\eggPHP\Core\App.php(171): Event::happen('app_init')
#5 D:\wamp\www\eggPHP\Public\index.php(39): App::init(Array)
#6 {main}

[ 2013-07-09T14:09:12+08:00 ]
运行时间:0.029001951217651

[ 2013-07-09T14:09:12+08:00 ]
内存消耗:126.75

###############[ 2013-07-09T14:09:12+08:00 ]###############

[ 2013-07-09T14:10:33+08:00 ]
运行时间:0.020001173019409

[ 2013-07-09T14:10:33+08:00 ]
内存消耗:83.0390625

###############[ 2013-07-09T14:10:33+08:00 ]###############
