
[ 2013-08-10T10:11:10+08:00 ]
DESCRIBE demo.yx_admin [ RunTime:0.46302700042725s ]

[ 2013-08-10T10:11:10+08:00 ]
运行时间:2.731155872345

[ 2013-08-10T10:11:10+08:00 ]
内存消耗:263.1328125

###############[ 2013-08-10T10:11:10+08:00 ]###############

[ 2013-08-10T10:31:23+08:00 ]
DESCRIBE demo.yx_admin [ RunTime:0.017000913619995s ]

[ 2013-08-10T10:31:23+08:00 ]
运行时间:0.19101095199585

[ 2013-08-10T10:31:23+08:00 ]
内存消耗:263.078125

###############[ 2013-08-10T10:31:23+08:00 ]###############

[ 2013-08-10T10:31:28+08:00 ]
DESCRIBE demo.yx_admin [ RunTime:0.007000207901001s ]

[ 2013-08-10T10:31:28+08:00 ]
运行时间:0.16000914573669

[ 2013-08-10T10:31:28+08:00 ]
内存消耗:263.078125

###############[ 2013-08-10T10:31:28+08:00 ]###############

[ 2013-08-10T10:58:23+08:00 ]
DESCRIBE demo.yx_admin [ RunTime:0.011999845504761s ]

[ 2013-08-10T10:58:23+08:00 ]
运行时间:0.10600590705872

[ 2013-08-10T10:58:23+08:00 ]
内存消耗:263.078125

###############[ 2013-08-10T10:58:23+08:00 ]###############

[ 2013-08-10T10:58:25+08:00 ]
DESCRIBE demo.yx_admin [ RunTime:0.0070009231567383s ]

[ 2013-08-10T10:58:25+08:00 ]
运行时间:0.095005035400391

[ 2013-08-10T10:58:25+08:00 ]
内存消耗:263.078125

###############[ 2013-08-10T10:58:25+08:00 ]###############

[ 2013-08-10T11:00:39+08:00 ]
运行时间:0.044003009796143

[ 2013-08-10T11:00:39+08:00 ]
内存消耗:250.6015625

###############[ 2013-08-10T11:00:39+08:00 ]###############

[ 2013-08-10T11:00:41+08:00 ]
运行时间:0.032001972198486

[ 2013-08-10T11:00:41+08:00 ]
内存消耗:250.6015625

###############[ 2013-08-10T11:00:41+08:00 ]###############

[ 2013-08-10T11:00:53+08:00 ]
运行时间:0.030001878738403

[ 2013-08-10T11:00:53+08:00 ]
内存消耗:250.6015625

###############[ 2013-08-10T11:00:53+08:00 ]###############

[ 2013-08-10T11:28:09+08:00 ]
运行时间:0.029001951217651

[ 2013-08-10T11:28:09+08:00 ]
内存消耗:250.8828125

###############[ 2013-08-10T11:28:09+08:00 ]###############

[ 2013-08-10T11:28:12+08:00 ]
运行时间:0.035001993179321

[ 2013-08-10T11:28:12+08:00 ]
内存消耗:250.8828125

###############[ 2013-08-10T11:28:12+08:00 ]###############

[ 2013-08-10T11:28:14+08:00 ]
运行时间:0.043001890182495

[ 2013-08-10T11:28:14+08:00 ]
内存消耗:250.8828125

###############[ 2013-08-10T11:28:14+08:00 ]###############

[ 2013-08-10T11:28:15+08:00 ]
运行时间:0.028002023696899

[ 2013-08-10T11:28:15+08:00 ]
内存消耗:250.8828125

###############[ 2013-08-10T11:28:15+08:00 ]###############

[ 2013-08-10T11:28:19+08:00 ]
运行时间:0.031000852584839

[ 2013-08-10T11:28:19+08:00 ]
内存消耗:250.8828125

###############[ 2013-08-10T11:28:19+08:00 ]###############

[ 2013-08-10T12:36:46+08:00 ]
运行时间:0.5180299282074

[ 2013-08-10T12:36:46+08:00 ]
内存消耗:250.8828125

###############[ 2013-08-10T12:36:46+08:00 ]###############

[ 2013-08-10T12:46:49+08:00 ]
运行时间:0.029000997543335

[ 2013-08-10T12:46:49+08:00 ]
内存消耗:250.8828125

###############[ 2013-08-10T12:46:49+08:00 ]###############

[ 2013-08-10T12:46:51+08:00 ]
运行时间:0.044003009796143

[ 2013-08-10T12:46:51+08:00 ]
内存消耗:250.8828125

###############[ 2013-08-10T12:46:51+08:00 ]###############

[ 2013-08-10T12:57:54+08:00 ]
运行时间:0.032001972198486

[ 2013-08-10T12:57:54+08:00 ]
内存消耗:252.6328125

###############[ 2013-08-10T12:57:54+08:00 ]###############

[ 2013-08-10T12:57:56+08:00 ]
运行时间:0.044002056121826

[ 2013-08-10T12:57:56+08:00 ]
内存消耗:252.6328125

###############[ 2013-08-10T12:57:56+08:00 ]###############

[ 2013-08-10T12:57:58+08:00 ]
运行时间:0.081005096435547

[ 2013-08-10T12:57:58+08:00 ]
内存消耗:252.6328125

###############[ 2013-08-10T12:57:58+08:00 ]###############

[ 2013-08-10T14:22:01+08:00 ]
运行时间:0.26201510429382

[ 2013-08-10T14:22:01+08:00 ]
内存消耗:250.4765625

###############[ 2013-08-10T14:22:01+08:00 ]###############

[ 2013-08-10T14:24:13+08:00 ]
运行时间:0.14900898933411

[ 2013-08-10T14:24:13+08:00 ]
内存消耗:250.4765625

###############[ 2013-08-10T14:24:13+08:00 ]###############

[ 2013-08-10T14:24:34+08:00 ]
DESCRIBE demo.yx_admin [ RunTime:0.42502403259277s ] [ RunMem:12584k ]

[ 2013-08-10T14:24:34+08:00 ]
运行时间:2.7291560173035

[ 2013-08-10T14:24:34+08:00 ]
内存消耗:263.109375

###############[ 2013-08-10T14:24:34+08:00 ]###############

[ 2013-08-10T14:27:01+08:00 ]
运行时间:0.030000925064087

[ 2013-08-10T14:27:01+08:00 ]
内存消耗:250.4765625

###############[ 2013-08-10T14:27:01+08:00 ]###############

[ 2013-08-10T14:27:08+08:00 ]
运行时间:0.039002895355225

[ 2013-08-10T14:27:08+08:00 ]
内存消耗:250.4765625

###############[ 2013-08-10T14:27:08+08:00 ]###############

[ 2013-08-10T14:27:09+08:00 ]
运行时间:0.034002065658569

[ 2013-08-10T14:27:09+08:00 ]
内存消耗:250.4765625

###############[ 2013-08-10T14:27:09+08:00 ]###############

[ 2013-08-10T14:27:10+08:00 ]
运行时间:0.043001890182495

[ 2013-08-10T14:27:10+08:00 ]
内存消耗:250.4765625

###############[ 2013-08-10T14:27:10+08:00 ]###############

[ 2013-08-10T14:27:10+08:00 ]
运行时间:0.028001070022583

[ 2013-08-10T14:27:10+08:00 ]
内存消耗:250.4765625

###############[ 2013-08-10T14:27:10+08:00 ]###############

[ 2013-08-10T14:27:10+08:00 ]
运行时间:0.027002096176147

[ 2013-08-10T14:27:10+08:00 ]
内存消耗:250.4765625

###############[ 2013-08-10T14:27:10+08:00 ]###############

[ 2013-08-10T14:27:10+08:00 ]
运行时间:0.028002023696899

[ 2013-08-10T14:27:10+08:00 ]
内存消耗:250.4765625

###############[ 2013-08-10T14:27:10+08:00 ]###############

[ 2013-08-10T14:27:10+08:00 ]
运行时间:0.027000904083252

[ 2013-08-10T14:27:10+08:00 ]
内存消耗:250.4765625

###############[ 2013-08-10T14:27:10+08:00 ]###############

[ 2013-08-10T14:27:11+08:00 ]
运行时间:0.029000997543335

[ 2013-08-10T14:27:11+08:00 ]
内存消耗:250.4765625

###############[ 2013-08-10T14:27:11+08:00 ]###############

[ 2013-08-10T14:27:11+08:00 ]
运行时间:0.045001983642578

[ 2013-08-10T14:27:11+08:00 ]
内存消耗:250.4765625

###############[ 2013-08-10T14:27:11+08:00 ]###############

[ 2013-08-10T14:49:37+08:00 ]
DESCRIBE demo.yx_admin [ RunTime:0.1170060634613s ] [ RunMem:12584k ]

[ 2013-08-10T14:49:37+08:00 ]
运行时间:0.39002203941345

[ 2013-08-10T14:49:37+08:00 ]
内存消耗:263.109375

###############[ 2013-08-10T14:49:37+08:00 ]###############

[ 2013-08-10T14:51:26+08:00 ]
运行时间:0.029001951217651

[ 2013-08-10T14:51:26+08:00 ]
内存消耗:250.4765625

###############[ 2013-08-10T14:51:26+08:00 ]###############

[ 2013-08-10T14:56:54+08:00 ]
运行时间:0.034000873565674

[ 2013-08-10T14:56:54+08:00 ]
内存消耗:250.53125

###############[ 2013-08-10T14:56:54+08:00 ]###############

[ 2013-08-10T14:56:56+08:00 ]
运行时间:0.028002023696899

[ 2013-08-10T14:56:56+08:00 ]
内存消耗:250.53125

###############[ 2013-08-10T14:56:56+08:00 ]###############

[ 2013-08-10T14:57:09+08:00 ]
DESCRIBE demo.yx_admin [ RunTime:0.0069999694824219s ] [ RunMem:12.296875k ]

[ 2013-08-10T14:57:09+08:00 ]
运行时间:0.052002906799316

[ 2013-08-10T14:57:09+08:00 ]
内存消耗:263.1796875

###############[ 2013-08-10T14:57:09+08:00 ]###############
