
[ 2013-07-15T10:30:07+08:00 ]
运行时间:0.22401285171509

[ 2013-07-15T10:30:07+08:00 ]
内存消耗:91.3359375

###############[ 2013-07-15T10:30:07+08:00 ]###############

[ 2013-07-15T10:30:58+08:00 ]
运行时间:0.0080008506774902

[ 2013-07-15T10:30:58+08:00 ]
内存消耗:91.578125

###############[ 2013-07-15T10:30:58+08:00 ]###############

[ 2013-07-15T10:31:00+08:00 ]
运行时间:0.0090010166168213

[ 2013-07-15T10:31:00+08:00 ]
内存消耗:91.578125

###############[ 2013-07-15T10:31:00+08:00 ]###############

[ 2013-07-15T10:31:02+08:00 ]
运行时间:0.010000228881836

[ 2013-07-15T10:31:02+08:00 ]
内存消耗:91.5703125

###############[ 2013-07-15T10:31:02+08:00 ]###############

[ 2013-07-15T10:31:06+08:00 ]
运行时间:0.012000799179077

[ 2013-07-15T10:31:06+08:00 ]
内存消耗:91.5703125

###############[ 2013-07-15T10:31:06+08:00 ]###############

[ 2013-07-15T10:31:06+08:00 ]
运行时间:0.0060009956359863

[ 2013-07-15T10:31:06+08:00 ]
内存消耗:91.578125

###############[ 2013-07-15T10:31:06+08:00 ]###############

[ 2013-07-15T10:31:07+08:00 ]
运行时间:0.0039999485015869

[ 2013-07-15T10:31:07+08:00 ]
内存消耗:91.578125

###############[ 2013-07-15T10:31:07+08:00 ]###############

[ 2013-07-15T10:31:07+08:00 ]
运行时间:0.0039999485015869

[ 2013-07-15T10:31:07+08:00 ]
内存消耗:91.578125

###############[ 2013-07-15T10:31:07+08:00 ]###############

[ 2013-07-15T10:31:07+08:00 ]
运行时间:0.0039999485015869

[ 2013-07-15T10:31:07+08:00 ]
内存消耗:91.578125

###############[ 2013-07-15T10:31:07+08:00 ]###############

[ 2013-07-15T10:31:07+08:00 ]
运行时间:0.004000186920166

[ 2013-07-15T10:31:07+08:00 ]
内存消耗:91.5703125

###############[ 2013-07-15T10:31:07+08:00 ]###############

[ 2013-07-15T10:31:07+08:00 ]
运行时间:0.0040009021759033

[ 2013-07-15T10:31:07+08:00 ]
内存消耗:91.578125

###############[ 2013-07-15T10:31:07+08:00 ]###############

[ 2013-07-15T10:31:07+08:00 ]
运行时间:0.0049998760223389

[ 2013-07-15T10:31:07+08:00 ]
内存消耗:91.578125

###############[ 2013-07-15T10:31:07+08:00 ]###############

[ 2013-07-15T10:31:07+08:00 ]
运行时间:0.0049998760223389

[ 2013-07-15T10:31:07+08:00 ]
内存消耗:91.578125

###############[ 2013-07-15T10:31:07+08:00 ]###############

[ 2013-07-15T10:31:07+08:00 ]
运行时间:0.0030012130737305

[ 2013-07-15T10:31:07+08:00 ]
内存消耗:91.578125

###############[ 2013-07-15T10:31:07+08:00 ]###############

[ 2013-07-15T10:31:07+08:00 ]
运行时间:0.005000114440918

[ 2013-07-15T10:31:07+08:00 ]
内存消耗:91.5703125

###############[ 2013-07-15T10:31:07+08:00 ]###############

[ 2013-07-15T10:31:07+08:00 ]
运行时间:0.0040009021759033

[ 2013-07-15T10:31:07+08:00 ]
内存消耗:91.578125

###############[ 2013-07-15T10:31:07+08:00 ]###############

[ 2013-07-15T10:31:08+08:00 ]
运行时间:0.004000186920166

[ 2013-07-15T10:31:08+08:00 ]
内存消耗:91.5703125

###############[ 2013-07-15T10:31:08+08:00 ]###############

[ 2013-07-15T10:31:23+08:00 ]
运行时间:0.0089998245239258

[ 2013-07-15T10:31:23+08:00 ]
内存消耗:91.578125

###############[ 2013-07-15T10:31:23+08:00 ]###############

[ 2013-07-15T10:43:37+08:00 ]
运行时间:0.0090010166168213

[ 2013-07-15T10:43:37+08:00 ]
内存消耗:91.578125

###############[ 2013-07-15T10:43:37+08:00 ]###############

[ 2013-07-15T10:44:46+08:00 ]
运行时间:0.0080001354217529

[ 2013-07-15T10:44:46+08:00 ]
内存消耗:91.578125

###############[ 2013-07-15T10:44:46+08:00 ]###############

[ 2013-07-15T10:49:22+08:00 ]
运行时间:0.0039999485015869

[ 2013-07-15T10:49:22+08:00 ]
内存消耗:91.34375

###############[ 2013-07-15T10:49:22+08:00 ]###############

[ 2013-07-15T10:49:25+08:00 ]
运行时间:0.019001960754395

[ 2013-07-15T10:49:25+08:00 ]
内存消耗:91.3828125

###############[ 2013-07-15T10:49:25+08:00 ]###############

[ 2013-07-15T10:49:27+08:00 ]
运行时间:0.018001079559326

[ 2013-07-15T10:49:27+08:00 ]
内存消耗:91.6171875

###############[ 2013-07-15T10:49:27+08:00 ]###############

[ 2013-07-15T11:11:57+08:00 ]
运行时间:0.0079998970031738

[ 2013-07-15T11:11:57+08:00 ]
内存消耗:93.5078125

###############[ 2013-07-15T11:11:57+08:00 ]###############

[ 2013-07-15T11:11:58+08:00 ]
运行时间:0.0090000629425049

[ 2013-07-15T11:11:58+08:00 ]
内存消耗:93.5078125

###############[ 2013-07-15T11:11:58+08:00 ]###############

[ 2013-07-15T11:11:58+08:00 ]
运行时间:0.010999917984009

[ 2013-07-15T11:11:58+08:00 ]
内存消耗:93.5

###############[ 2013-07-15T11:11:58+08:00 ]###############

[ 2013-07-15T11:11:58+08:00 ]
运行时间:0.0049998760223389

[ 2013-07-15T11:11:58+08:00 ]
内存消耗:93.5078125

###############[ 2013-07-15T11:11:58+08:00 ]###############

[ 2013-07-15T11:12:01+08:00 ]
运行时间:0.0080010890960693

[ 2013-07-15T11:12:01+08:00 ]
内存消耗:93.5078125

###############[ 2013-07-15T11:12:01+08:00 ]###############

[ 2013-07-15T11:16:54+08:00 ]
运行时间:0.0080001354217529

[ 2013-07-15T11:16:54+08:00 ]
内存消耗:93.40625

###############[ 2013-07-15T11:16:54+08:00 ]###############

[ 2013-07-15T11:16:56+08:00 ]
运行时间:0.0059998035430908

[ 2013-07-15T11:16:56+08:00 ]
内存消耗:93.40625

###############[ 2013-07-15T11:16:56+08:00 ]###############

[ 2013-07-15T11:16:56+08:00 ]
运行时间:0.0080010890960693

[ 2013-07-15T11:16:56+08:00 ]
内存消耗:93.40625

###############[ 2013-07-15T11:16:56+08:00 ]###############

[ 2013-07-15T11:16:56+08:00 ]
运行时间:0.0039999485015869

[ 2013-07-15T11:16:56+08:00 ]
内存消耗:93.40625

###############[ 2013-07-15T11:16:56+08:00 ]###############

[ 2013-07-15T11:17:17+08:00 ]
运行时间:0.013001203536987

[ 2013-07-15T11:17:17+08:00 ]
内存消耗:93.3984375

###############[ 2013-07-15T11:17:17+08:00 ]###############

[ 2013-07-15T11:17:18+08:00 ]
运行时间:0.0090000629425049

[ 2013-07-15T11:17:18+08:00 ]
内存消耗:93.40625

###############[ 2013-07-15T11:17:18+08:00 ]###############

[ 2013-07-15T11:17:19+08:00 ]
运行时间:0.013000011444092

[ 2013-07-15T11:17:19+08:00 ]
内存消耗:93.3984375

###############[ 2013-07-15T11:17:19+08:00 ]###############

[ 2013-07-15T11:17:19+08:00 ]
运行时间:0.0049998760223389

[ 2013-07-15T11:17:19+08:00 ]
内存消耗:93.40625

###############[ 2013-07-15T11:17:19+08:00 ]###############

[ 2013-07-15T11:17:20+08:00 ]
运行时间:0.013001203536987

[ 2013-07-15T11:17:20+08:00 ]
内存消耗:93.3984375

###############[ 2013-07-15T11:17:20+08:00 ]###############

[ 2013-07-15T11:17:20+08:00 ]
运行时间:0.016000986099243

[ 2013-07-15T11:17:20+08:00 ]
内存消耗:93.3984375

###############[ 2013-07-15T11:17:20+08:00 ]###############

[ 2013-07-15T11:17:21+08:00 ]
运行时间:0.0039999485015869

[ 2013-07-15T11:17:21+08:00 ]
内存消耗:93.40625

###############[ 2013-07-15T11:17:21+08:00 ]###############

[ 2013-07-15T11:17:21+08:00 ]
运行时间:0.01200008392334

[ 2013-07-15T11:17:21+08:00 ]
内存消耗:93.3984375

###############[ 2013-07-15T11:17:21+08:00 ]###############

[ 2013-07-15T11:17:21+08:00 ]
运行时间:0.012000799179077

[ 2013-07-15T11:17:21+08:00 ]
内存消耗:93.3984375

###############[ 2013-07-15T11:17:21+08:00 ]###############

[ 2013-07-15T11:17:21+08:00 ]
运行时间:0.012001037597656

[ 2013-07-15T11:17:21+08:00 ]
内存消耗:93.3984375

###############[ 2013-07-15T11:17:21+08:00 ]###############

[ 2013-07-15T11:17:22+08:00 ]
运行时间:0.0060000419616699

[ 2013-07-15T11:17:22+08:00 ]
内存消耗:93.40625

###############[ 2013-07-15T11:17:22+08:00 ]###############

[ 2013-07-15T11:17:23+08:00 ]
运行时间:0.011001110076904

[ 2013-07-15T11:17:23+08:00 ]
内存消耗:93.3984375

###############[ 2013-07-15T11:17:23+08:00 ]###############

[ 2013-07-15T11:17:23+08:00 ]
运行时间:0.0059998035430908

[ 2013-07-15T11:17:23+08:00 ]
内存消耗:93.40625

###############[ 2013-07-15T11:17:23+08:00 ]###############

[ 2013-07-15T11:20:43+08:00 ]
运行时间:0.0080008506774902

[ 2013-07-15T11:20:43+08:00 ]
内存消耗:93.5390625

###############[ 2013-07-15T11:20:43+08:00 ]###############

[ 2013-07-15T11:20:44+08:00 ]
运行时间:0.0090000629425049

[ 2013-07-15T11:20:44+08:00 ]
内存消耗:93.5390625

###############[ 2013-07-15T11:20:44+08:00 ]###############

[ 2013-07-15T11:21:51+08:00 ]
运行时间:0.0039999485015869

[ 2013-07-15T11:21:51+08:00 ]
内存消耗:93.40625

###############[ 2013-07-15T11:21:51+08:00 ]###############

[ 2013-07-15T11:22:39+08:00 ]
运行时间:0.0069999694824219

[ 2013-07-15T11:22:39+08:00 ]
内存消耗:93.40625

###############[ 2013-07-15T11:22:39+08:00 ]###############

[ 2013-07-15T11:22:43+08:00 ]
运行时间:0.011001110076904

[ 2013-07-15T11:22:43+08:00 ]
内存消耗:93.3515625

###############[ 2013-07-15T11:22:43+08:00 ]###############

[ 2013-07-15T11:22:45+08:00 ]
运行时间:0.0099999904632568

[ 2013-07-15T11:22:45+08:00 ]
内存消耗:93.359375

###############[ 2013-07-15T11:22:45+08:00 ]###############

[ 2013-07-15T11:22:54+08:00 ]
运行时间:0.011999845504761

[ 2013-07-15T11:22:54+08:00 ]
内存消耗:93.3515625

###############[ 2013-07-15T11:22:54+08:00 ]###############

[ 2013-07-15T11:22:57+08:00 ]
运行时间:0.0090010166168213

[ 2013-07-15T11:22:57+08:00 ]
内存消耗:93.359375

###############[ 2013-07-15T11:22:57+08:00 ]###############

[ 2013-07-15T11:22:57+08:00 ]
运行时间:0.0060009956359863

[ 2013-07-15T11:22:57+08:00 ]
内存消耗:93.359375

###############[ 2013-07-15T11:22:57+08:00 ]###############

[ 2013-07-15T11:22:57+08:00 ]
运行时间:0.010999917984009

[ 2013-07-15T11:22:57+08:00 ]
内存消耗:93.3515625

###############[ 2013-07-15T11:22:57+08:00 ]###############

[ 2013-07-15T11:22:57+08:00 ]
运行时间:0.005000114440918

[ 2013-07-15T11:22:57+08:00 ]
内存消耗:93.3515625

###############[ 2013-07-15T11:22:57+08:00 ]###############

[ 2013-07-15T11:49:53+08:00 ]
运行时间:0.041002988815308

[ 2013-07-15T11:49:53+08:00 ]
内存消耗:94.7265625

###############[ 2013-07-15T11:49:53+08:00 ]###############

[ 2013-07-15T11:52:30+08:00 ]
运行时间:0.058003187179565

[ 2013-07-15T11:52:30+08:00 ]
内存消耗:98.5546875

###############[ 2013-07-15T11:52:30+08:00 ]###############

[ 2013-07-15T11:52:32+08:00 ]
运行时间:0.032001972198486

[ 2013-07-15T11:52:32+08:00 ]
内存消耗:98.5390625

###############[ 2013-07-15T11:52:32+08:00 ]###############

[ 2013-07-15T11:52:38+08:00 ]
运行时间:0.0260009765625

[ 2013-07-15T11:52:38+08:00 ]
内存消耗:98.5390625

###############[ 2013-07-15T11:52:38+08:00 ]###############

[ 2013-07-15T12:26:52+08:00 ]
运行时间:0.022001981735229

[ 2013-07-15T12:26:52+08:00 ]
内存消耗:98.5390625

###############[ 2013-07-15T12:26:52+08:00 ]###############

[ 2013-07-15T13:21:35+08:00 ]
运行时间:0.01400089263916

[ 2013-07-15T13:21:35+08:00 ]
内存消耗:98.6484375

###############[ 2013-07-15T13:21:35+08:00 ]###############

[ 2013-07-15T13:22:14+08:00 ]
运行时间:0.099005937576294

[ 2013-07-15T13:22:14+08:00 ]
内存消耗:345.609375

###############[ 2013-07-15T13:22:14+08:00 ]###############

[ 2013-07-15T13:22:37+08:00 ]
运行时间:0.039001941680908

[ 2013-07-15T13:22:37+08:00 ]
内存消耗:345.65625

###############[ 2013-07-15T13:22:37+08:00 ]###############

[ 2013-07-15T13:22:44+08:00 ]
运行时间:0.045002937316895

[ 2013-07-15T13:22:44+08:00 ]
内存消耗:345.9609375

###############[ 2013-07-15T13:22:44+08:00 ]###############

[ 2013-07-15T13:24:19+08:00 ]
运行时间:0.030002117156982

[ 2013-07-15T13:24:19+08:00 ]
内存消耗:345.9375

###############[ 2013-07-15T13:24:19+08:00 ]###############

[ 2013-07-15T13:24:45+08:00 ]
运行时间:0.0260009765625

[ 2013-07-15T13:24:45+08:00 ]
内存消耗:345.9921875

###############[ 2013-07-15T13:24:45+08:00 ]###############

[ 2013-07-15T13:26:21+08:00 ]
运行时间:0.034002065658569

[ 2013-07-15T13:26:21+08:00 ]
内存消耗:353.7734375

###############[ 2013-07-15T13:26:21+08:00 ]###############

[ 2013-07-15T13:27:53+08:00 ]
运行时间:0.033002138137817

[ 2013-07-15T13:27:53+08:00 ]
内存消耗:354.59375

###############[ 2013-07-15T13:27:53+08:00 ]###############

[ 2013-07-15T13:29:11+08:00 ]
运行时间:0.029000997543335

[ 2013-07-15T13:29:11+08:00 ]
内存消耗:103.21875

###############[ 2013-07-15T13:29:11+08:00 ]###############

[ 2013-07-15T13:29:16+08:00 ]
运行时间:0.028002023696899

[ 2013-07-15T13:29:16+08:00 ]
内存消耗:353.3125

###############[ 2013-07-15T13:29:16+08:00 ]###############

[ 2013-07-15T13:29:53+08:00 ]
运行时间:0.030000925064087

[ 2013-07-15T13:29:53+08:00 ]
内存消耗:355.1328125

###############[ 2013-07-15T13:29:53+08:00 ]###############

[ 2013-07-15T13:32:06+08:00 ]
Call to a member function limit() on a non-object (D:\wamp\www\eggPHP\MVC\Class\home.class.php:18)
Stack trace:
#0 D:\wamp\www\eggPHP\Core\App.php(96): halt()
#1 D:\wamp\www\eggPHP\Core\App.php(150): appError()
#2 unknown(0): fatalError()
REQUEST_URI=/

[ 2013-07-15T13:32:06+08:00 ]
Call to a member function limit() on a non-object (D:\wamp\www\eggPHP\MVC\Class\home.class.php:18)
Stack trace:
#0 D:\wamp\www\eggPHP\Core\App.php(96): halt()
#1 D:\wamp\www\eggPHP\Core\App.php(150): appError()
#2 unknown(0): fatalError()
REQUEST_URI=/

[ 2013-07-15T13:32:06+08:00 ]
运行时间:0.095004796981812

[ 2013-07-15T13:32:06+08:00 ]
内存消耗:364.421875

###############[ 2013-07-15T13:32:06+08:00 ]###############

[ 2013-07-15T13:32:25+08:00 ]
运行时间:0.027000904083252

[ 2013-07-15T13:32:25+08:00 ]
内存消耗:355.140625

###############[ 2013-07-15T13:32:25+08:00 ]###############

[ 2013-07-15T13:32:34+08:00 ]
运行时间:0.034002065658569

[ 2013-07-15T13:32:34+08:00 ]
内存消耗:355.1328125

###############[ 2013-07-15T13:32:34+08:00 ]###############

[ 2013-07-15T13:32:38+08:00 ]
运行时间:0.036001920700073

[ 2013-07-15T13:32:38+08:00 ]
内存消耗:355.1328125

###############[ 2013-07-15T13:32:38+08:00 ]###############

[ 2013-07-15T13:33:00+08:00 ]
运行时间:0.041002035140991

[ 2013-07-15T13:33:00+08:00 ]
内存消耗:355.3359375

###############[ 2013-07-15T13:33:00+08:00 ]###############

[ 2013-07-15T13:33:45+08:00 ]
运行时间:0.047002792358398

[ 2013-07-15T13:33:45+08:00 ]
内存消耗:355.4765625

###############[ 2013-07-15T13:33:45+08:00 ]###############

[ 2013-07-15T13:37:52+08:00 ]
Call to undefined method Db::newConn() (D:\wamp\www\eggPHP\MVC\Class\home.class.php:17)
Stack trace:
#0 D:\wamp\www\eggPHP\Core\App.php(96): halt()
#1 D:\wamp\www\eggPHP\Core\App.php(150): appError()
#2 unknown(0): fatalError()
REQUEST_URI=/

[ 2013-07-15T13:37:52+08:00 ]
Call to undefined method Db::newConn() (D:\wamp\www\eggPHP\MVC\Class\home.class.php:17)
Stack trace:
#0 D:\wamp\www\eggPHP\Core\App.php(96): halt()
#1 D:\wamp\www\eggPHP\Core\App.php(150): appError()
#2 unknown(0): fatalError()
REQUEST_URI=/

[ 2013-07-15T13:37:52+08:00 ]
运行时间:0.043003082275391

[ 2013-07-15T13:37:52+08:00 ]
内存消耗:108.84375

###############[ 2013-07-15T13:37:52+08:00 ]###############

[ 2013-07-15T13:39:42+08:00 ]
运行时间:0.021001100540161

[ 2013-07-15T13:39:42+08:00 ]
内存消耗:98.546875

###############[ 2013-07-15T13:39:42+08:00 ]###############

[ 2013-07-15T13:51:45+08:00 ]
运行时间:0.014001131057739

[ 2013-07-15T13:51:45+08:00 ]
内存消耗:98.546875

###############[ 2013-07-15T13:51:45+08:00 ]###############

[ 2013-07-15T13:51:46+08:00 ]
运行时间:0.016000986099243

[ 2013-07-15T13:51:46+08:00 ]
内存消耗:98.546875

###############[ 2013-07-15T13:51:46+08:00 ]###############

[ 2013-07-15T13:55:29+08:00 ]
运行时间:0.01200008392334

[ 2013-07-15T13:55:29+08:00 ]
内存消耗:98.5625

###############[ 2013-07-15T13:55:29+08:00 ]###############

[ 2013-07-15T14:04:00+08:00 ]
运行时间:0.14900803565979

[ 2013-07-15T14:04:00+08:00 ]
内存消耗:98.5625

###############[ 2013-07-15T14:04:00+08:00 ]###############

[ 2013-07-15T15:03:08+08:00 ]
运行时间:0.018001079559326

[ 2013-07-15T15:03:08+08:00 ]
内存消耗:22.0078125

###############[ 2013-07-15T15:03:08+08:00 ]###############

[ 2013-07-15T15:12:24+08:00 ]
运行时间:0.013000965118408

[ 2013-07-15T15:12:24+08:00 ]
内存消耗:19.75

###############[ 2013-07-15T15:12:24+08:00 ]###############

[ 2013-07-15T15:12:27+08:00 ]
运行时间:0.016000986099243

[ 2013-07-15T15:12:27+08:00 ]
内存消耗:19.75

###############[ 2013-07-15T15:12:27+08:00 ]###############

[ 2013-07-15T15:30:08+08:00 ]
运行时间:0.012001037597656

[ 2013-07-15T15:30:08+08:00 ]
内存消耗:19.75

###############[ 2013-07-15T15:30:08+08:00 ]###############

[ 2013-07-15T15:42:11+08:00 ]
运行时间:0.013000965118408

[ 2013-07-15T15:42:11+08:00 ]
内存消耗:19.75

###############[ 2013-07-15T15:42:11+08:00 ]###############

[ 2013-07-15T15:43:09+08:00 ]
运行时间:0.019001007080078

[ 2013-07-15T15:43:09+08:00 ]
内存消耗:19.75

###############[ 2013-07-15T15:43:09+08:00 ]###############

[ 2013-07-15T15:43:23+08:00 ]
运行时间:0.012001037597656

[ 2013-07-15T15:43:23+08:00 ]
内存消耗:19.75

###############[ 2013-07-15T15:43:23+08:00 ]###############

[ 2013-07-15T15:43:26+08:00 ]
运行时间:0.011001110076904

[ 2013-07-15T15:43:26+08:00 ]
内存消耗:19.75

###############[ 2013-07-15T15:43:26+08:00 ]###############

[ 2013-07-15T15:43:28+08:00 ]
运行时间:0.012000799179077

[ 2013-07-15T15:43:28+08:00 ]
内存消耗:19.75

###############[ 2013-07-15T15:43:28+08:00 ]###############
