
[ 2013-07-04T09:11:03+08:00 ]
Call to undefined function close() (D:\wamp\www\eggPHP\Core\App.php:123)
Stack trace:
#0 D:\wamp\www\eggPHP\Core\App.php(71): halt()
#1 D:\wamp\www\eggPHP\Core\App.php(90): appError()
#2 unknown(0): fatalError()
REQUEST_URI=/

###############[ 2013-07-04T09:11:03+08:00 ]###############

[ 2013-07-04T09:11:31+08:00 ]
Call to undefined function close() (D:\wamp\www\eggPHP\Core\App.php:123)
Stack trace:
#0 D:\wamp\www\eggPHP\Core\App.php(71): halt()
#1 D:\wamp\www\eggPHP\Core\App.php(90): appError()
#2 unknown(0): fatalError()
REQUEST_URI=/

###############[ 2013-07-04T09:11:31+08:00 ]###############

[ 2013-07-04T09:12:14+08:00 ]
Call to undefined function close() (D:\wamp\www\eggPHP\Core\App.php:123)
Stack trace:
#0 D:\wamp\www\eggPHP\Core\App.php(71): halt()
#1 D:\wamp\www\eggPHP\Core\App.php(90): appError()
#2 unknown(0): fatalError()
REQUEST_URI=/

###############[ 2013-07-04T09:12:14+08:00 ]###############

[ 2013-07-04T09:12:34+08:00 ]
Call to undefined function close() (D:\wamp\www\eggPHP\Core\App.php:123)
Stack trace:
#0 D:\wamp\www\eggPHP\Core\App.php(71): halt()
#1 D:\wamp\www\eggPHP\Core\App.php(90): appError()
#2 unknown(0): fatalError()
REQUEST_URI=/

###############[ 2013-07-04T09:12:34+08:00 ]###############

[ 2013-07-04T09:14:15+08:00 ]
Call to undefined function close() (D:\wamp\www\eggPHP\Core\App.php:123)
Stack trace:
#0 D:\wamp\www\eggPHP\Core\App.php(71): halt()
#1 D:\wamp\www\eggPHP\Core\App.php(90): appError()
#2 unknown(0): fatalError()
REQUEST_URI=/

###############[ 2013-07-04T09:14:15+08:00 ]###############

[ 2013-07-04T09:20:50+08:00 ]
Call to undefined function close() (D:\wamp\www\eggPHP\Core\App.php:123)
Stack trace:
#0 D:\wamp\www\eggPHP\Core\App.php(71): halt()
#1 D:\wamp\www\eggPHP\Core\App.php(90): appError()
#2 unknown(0): fatalError()
REQUEST_URI=/

###############[ 2013-07-04T09:20:50+08:00 ]###############
