
[ 2013-08-08T09:20:25+08:00 ]
运行时间:0.90205216407776

[ 2013-08-08T09:20:25+08:00 ]
内存消耗:167.1171875

###############[ 2013-08-08T09:20:25+08:00 ]###############

[ 2013-08-08T09:20:29+08:00 ]
运行时间:0.04200291633606

[ 2013-08-08T09:20:29+08:00 ]
内存消耗:167.1484375

###############[ 2013-08-08T09:20:29+08:00 ]###############

[ 2013-08-08T09:20:31+08:00 ]
运行时间:0.10700583457947

[ 2013-08-08T09:20:31+08:00 ]
内存消耗:167.1484375

###############[ 2013-08-08T09:20:31+08:00 ]###############

[ 2013-08-08T09:20:32+08:00 ]
运行时间:0.0260009765625

[ 2013-08-08T09:20:32+08:00 ]
内存消耗:167.1484375

###############[ 2013-08-08T09:20:32+08:00 ]###############

[ 2013-08-08T09:20:37+08:00 ]
运行时间:0.017001152038574

[ 2013-08-08T09:20:37+08:00 ]
内存消耗:167.1484375

###############[ 2013-08-08T09:20:37+08:00 ]###############

[ 2013-08-08T09:22:45+08:00 ]
syntax error, unexpected '}', expecting ',' or ';' (D:\wamp\www\eggPHP\MVC\Class\home.class.php:22)
Stack trace:
#0 D:\wamp\www\eggPHP\Core\App.php(99): halt()
#1 D:\wamp\www\eggPHP\Core\App.php(153): appError()
#2 unknown(0): fatalError()
REQUEST_URI=/

[ 2013-08-08T09:22:45+08:00 ]
syntax error, unexpected '}', expecting ',' or ';' (D:\wamp\www\eggPHP\MVC\Class\home.class.php:22)
Stack trace:
#0 D:\wamp\www\eggPHP\Core\App.php(99): halt()
#1 D:\wamp\www\eggPHP\Core\App.php(153): appError()
#2 unknown(0): fatalError()
REQUEST_URI=/

[ 2013-08-08T09:22:45+08:00 ]
运行时间:0.15900897979736

[ 2013-08-08T09:22:45+08:00 ]
内存消耗:141.3203125

###############[ 2013-08-08T09:22:45+08:00 ]###############

[ 2013-08-08T09:22:51+08:00 ]
运行时间:0.30101704597473

[ 2013-08-08T09:22:51+08:00 ]
内存消耗:168.4140625

###############[ 2013-08-08T09:22:51+08:00 ]###############

[ 2013-08-08T10:04:38+08:00 ]
运行时间:0.14300799369812

[ 2013-08-08T10:04:38+08:00 ]
内存消耗:168.4140625

###############[ 2013-08-08T10:04:38+08:00 ]###############

[ 2013-08-08T10:04:40+08:00 ]
运行时间:0.15801000595093

[ 2013-08-08T10:04:40+08:00 ]
内存消耗:168.4140625

###############[ 2013-08-08T10:04:40+08:00 ]###############

[ 2013-08-08T10:31:59+08:00 ]
运行时间:0.11700701713562

[ 2013-08-08T10:31:59+08:00 ]
内存消耗:168.4140625

###############[ 2013-08-08T10:31:59+08:00 ]###############

[ 2013-08-08T10:49:34+08:00 ]
运行时间:0.046002149581909

[ 2013-08-08T10:49:34+08:00 ]
内存消耗:170.09375

###############[ 2013-08-08T10:49:34+08:00 ]###############

[ 2013-08-08T11:34:42+08:00 ]
运行时间:0.092005014419556

[ 2013-08-08T11:34:42+08:00 ]
内存消耗:171.2578125

###############[ 2013-08-08T11:34:42+08:00 ]###############

[ 2013-08-08T11:34:44+08:00 ]
运行时间:0.067003965377808

[ 2013-08-08T11:34:44+08:00 ]
内存消耗:171.2578125

###############[ 2013-08-08T11:34:44+08:00 ]###############
