
[ 2013-08-06T09:06:57+08:00 ]
运行时间:0.27101612091064

[ 2013-08-06T09:06:57+08:00 ]
内存消耗:139.5

###############[ 2013-08-06T09:06:57+08:00 ]###############

[ 2013-08-06T09:07:15+08:00 ]
运行时间:0.10600614547729

[ 2013-08-06T09:07:15+08:00 ]
内存消耗:147.3828125

###############[ 2013-08-06T09:07:15+08:00 ]###############

[ 2013-08-06T09:07:26+08:00 ]
运行时间:0.11600708961487

[ 2013-08-06T09:07:26+08:00 ]
内存消耗:147.3828125

###############[ 2013-08-06T09:07:26+08:00 ]###############

[ 2013-08-06T09:07:38+08:00 ]
运行时间:0.09400486946106

[ 2013-08-06T09:07:38+08:00 ]
内存消耗:147.3828125

###############[ 2013-08-06T09:07:38+08:00 ]###############

[ 2013-08-06T09:07:41+08:00 ]
运行时间:0.098006010055542

[ 2013-08-06T09:07:41+08:00 ]
内存消耗:147.3828125

###############[ 2013-08-06T09:07:41+08:00 ]###############

[ 2013-08-06T09:07:42+08:00 ]
运行时间:0.11600613594055

[ 2013-08-06T09:07:42+08:00 ]
内存消耗:147.3828125

###############[ 2013-08-06T09:07:42+08:00 ]###############

[ 2013-08-06T09:07:42+08:00 ]
运行时间:0.1190071105957

[ 2013-08-06T09:07:42+08:00 ]
内存消耗:147.3828125

###############[ 2013-08-06T09:07:42+08:00 ]###############

[ 2013-08-06T09:07:42+08:00 ]
运行时间:0.11700701713562

[ 2013-08-06T09:07:42+08:00 ]
内存消耗:147.3828125

###############[ 2013-08-06T09:07:42+08:00 ]###############

[ 2013-08-06T09:07:42+08:00 ]
运行时间:0.1080060005188

[ 2013-08-06T09:07:42+08:00 ]
内存消耗:147.3828125

###############[ 2013-08-06T09:07:42+08:00 ]###############

[ 2013-08-06T09:07:43+08:00 ]
运行时间:0.099004983901978

[ 2013-08-06T09:07:43+08:00 ]
内存消耗:147.3828125

###############[ 2013-08-06T09:07:43+08:00 ]###############

[ 2013-08-06T09:07:43+08:00 ]
运行时间:0.095005035400391

[ 2013-08-06T09:07:43+08:00 ]
内存消耗:147.3828125

###############[ 2013-08-06T09:07:43+08:00 ]###############

[ 2013-08-06T09:07:43+08:00 ]
运行时间:0.09700608253479

[ 2013-08-06T09:07:43+08:00 ]
内存消耗:147.3828125

###############[ 2013-08-06T09:07:43+08:00 ]###############

[ 2013-08-06T09:07:43+08:00 ]
运行时间:0.090004920959473

[ 2013-08-06T09:07:43+08:00 ]
内存消耗:147.3828125

###############[ 2013-08-06T09:07:43+08:00 ]###############

[ 2013-08-06T09:07:43+08:00 ]
运行时间:0.11000609397888

[ 2013-08-06T09:07:43+08:00 ]
内存消耗:147.3828125

###############[ 2013-08-06T09:07:43+08:00 ]###############

[ 2013-08-06T09:07:43+08:00 ]
运行时间:0.09700608253479

[ 2013-08-06T09:07:43+08:00 ]
内存消耗:147.3828125

###############[ 2013-08-06T09:07:43+08:00 ]###############

[ 2013-08-06T09:07:43+08:00 ]
运行时间:0.099006175994873

[ 2013-08-06T09:07:43+08:00 ]
内存消耗:147.3828125

###############[ 2013-08-06T09:07:43+08:00 ]###############

[ 2013-08-06T09:07:43+08:00 ]
运行时间:0.11900591850281

[ 2013-08-06T09:07:43+08:00 ]
内存消耗:147.3828125

###############[ 2013-08-06T09:07:43+08:00 ]###############

[ 2013-08-06T09:07:43+08:00 ]
运行时间:0.096005916595459

[ 2013-08-06T09:07:43+08:00 ]
内存消耗:147.3828125

###############[ 2013-08-06T09:07:43+08:00 ]###############

[ 2013-08-06T09:07:43+08:00 ]
运行时间:0.094005107879639

[ 2013-08-06T09:07:43+08:00 ]
内存消耗:147.3828125

###############[ 2013-08-06T09:07:43+08:00 ]###############

[ 2013-08-06T09:07:43+08:00 ]
运行时间:0.10100603103638

[ 2013-08-06T09:07:43+08:00 ]
内存消耗:147.3828125

[ 2013-08-06T09:07:43+08:00 ]
运行时间:0.099005937576294

###############[ 2013-08-06T09:07:43+08:00 ]###############

[ 2013-08-06T09:07:43+08:00 ]
内存消耗:147.3828125

###############[ 2013-08-06T09:07:43+08:00 ]###############

[ 2013-08-06T09:07:43+08:00 ]
运行时间:0.093005180358887

[ 2013-08-06T09:07:43+08:00 ]
内存消耗:147.3828125

###############[ 2013-08-06T09:07:43+08:00 ]###############

[ 2013-08-06T09:07:43+08:00 ]
运行时间:0.1120069026947

[ 2013-08-06T09:07:43+08:00 ]
内存消耗:147.3828125

###############[ 2013-08-06T09:07:43+08:00 ]###############

[ 2013-08-06T09:07:43+08:00 ]
运行时间:0.12700700759888

[ 2013-08-06T09:07:43+08:00 ]
内存消耗:147.3828125

###############[ 2013-08-06T09:07:43+08:00 ]###############

[ 2013-08-06T09:07:43+08:00 ]
运行时间:0.11200594902039

[ 2013-08-06T09:07:43+08:00 ]
内存消耗:147.3828125

###############[ 2013-08-06T09:07:43+08:00 ]###############

[ 2013-08-06T09:07:43+08:00 ]
运行时间:0.11400699615479

[ 2013-08-06T09:07:43+08:00 ]
内存消耗:147.3828125

[ 2013-08-06T09:07:43+08:00 ]
运行时间:0.10600614547729

###############[ 2013-08-06T09:07:43+08:00 ]###############

[ 2013-08-06T09:07:43+08:00 ]
内存消耗:147.3828125

###############[ 2013-08-06T09:07:43+08:00 ]###############

[ 2013-08-06T09:07:43+08:00 ]
运行时间:0.091004848480225

[ 2013-08-06T09:07:43+08:00 ]
内存消耗:147.3828125

###############[ 2013-08-06T09:07:43+08:00 ]###############

[ 2013-08-06T09:07:43+08:00 ]
运行时间:0.098004817962646

[ 2013-08-06T09:07:43+08:00 ]
运行时间:0.1100070476532

[ 2013-08-06T09:07:43+08:00 ]
运行时间:0.12800693511963

[ 2013-08-06T09:07:43+08:00 ]
内存消耗:147.3828125

[ 2013-08-06T09:07:43+08:00 ]
内存消耗:147.3828125

###############[ 2013-08-06T09:07:43+08:00 ]###############
############[ 2013-08-06T09:07:43+08:00 ]###############

###############[ 2013-08-06T09:07:43+08:00 ]###############

[ 2013-08-06T09:07:43+08:00 ]
运行时间:0.10400605201721

[ 2013-08-06T09:07:43+08:00 ]
运行时间:0.11100602149963

[ 2013-08-06T09:07:43+08:00 ]
内存消耗:147.3828125

[ 2013-08-06T09:07:43+08:00 ]
内存消耗:147.3828125

###############[ 2013-08-06T09:07:43+08:00 ]###############

###############[ 2013-08-06T09:07:43+08:00 ]###############

[ 2013-08-06T09:07:43+08:00 ]
运行时间:0.10300588607788

[ 2013-08-06T09:07:43+08:00 ]
内存消耗:147.3828125

###############[ 2013-08-06T09:07:43+08:00 ]###############

[ 2013-08-06T09:07:44+08:00 ]
运行时间:0.095005035400391

[ 2013-08-06T09:07:44+08:00 ]
内存消耗:147.3828125

###############[ 2013-08-06T09:07:44+08:00 ]###############

[ 2013-08-06T09:08:39+08:00 ]
运行时间:1.2140688896179

[ 2013-08-06T09:08:39+08:00 ]
内存消耗:147.4140625

###############[ 2013-08-06T09:08:39+08:00 ]###############

[ 2013-08-06T09:08:52+08:00 ]
运行时间:0.17401003837585

[ 2013-08-06T09:08:52+08:00 ]
内存消耗:147.4140625

###############[ 2013-08-06T09:08:52+08:00 ]###############

[ 2013-08-06T09:09:04+08:00 ]
运行时间:0.1990110874176

[ 2013-08-06T09:09:04+08:00 ]
内存消耗:147.4140625

###############[ 2013-08-06T09:09:04+08:00 ]###############

[ 2013-08-06T09:09:22+08:00 ]
运行时间:0.25901508331299

[ 2013-08-06T09:09:22+08:00 ]
内存消耗:147.6875

###############[ 2013-08-06T09:09:22+08:00 ]###############

[ 2013-08-06T09:11:11+08:00 ]
运行时间:14.851850032806

[ 2013-08-06T09:11:11+08:00 ]
内存消耗:139.859375

###############[ 2013-08-06T09:11:11+08:00 ]###############

[ 2013-08-06T09:12:54+08:00 ]
运行时间:3.4831988811493

[ 2013-08-06T09:12:54+08:00 ]
内存消耗:139.84375

###############[ 2013-08-06T09:12:54+08:00 ]###############

[ 2013-08-06T09:15:55+08:00 ]
运行时间:3.7302131652832

[ 2013-08-06T09:15:55+08:00 ]
内存消耗:140.6171875

###############[ 2013-08-06T09:15:55+08:00 ]###############

[ 2013-08-06T09:16:36+08:00 ]
运行时间:3.8802220821381

[ 2013-08-06T09:16:36+08:00 ]
内存消耗:140.859375

###############[ 2013-08-06T09:16:36+08:00 ]###############

[ 2013-08-06T09:16:59+08:00 ]
运行时间:3.3101890087128

[ 2013-08-06T09:16:59+08:00 ]
内存消耗:140.859375

###############[ 2013-08-06T09:16:59+08:00 ]###############

[ 2013-08-06T09:17:38+08:00 ]
运行时间:3.8242189884186

[ 2013-08-06T09:17:38+08:00 ]
内存消耗:140.859375

###############[ 2013-08-06T09:17:38+08:00 ]###############

[ 2013-08-06T09:17:57+08:00 ]
运行时间:4.0482320785522

[ 2013-08-06T09:17:57+08:00 ]
内存消耗:141.15625

###############[ 2013-08-06T09:17:57+08:00 ]###############

[ 2013-08-06T09:18:07+08:00 ]
运行时间:3.4281959533691

[ 2013-08-06T09:18:07+08:00 ]
内存消耗:141.15625

###############[ 2013-08-06T09:18:07+08:00 ]###############

[ 2013-08-06T09:23:10+08:00 ]
运行时间:4.1362369060516

[ 2013-08-06T09:23:10+08:00 ]
内存消耗:140.8515625

###############[ 2013-08-06T09:23:10+08:00 ]###############

[ 2013-08-06T09:23:46+08:00 ]
运行时间:3.8222188949585

[ 2013-08-06T09:23:46+08:00 ]
内存消耗:141.140625

###############[ 2013-08-06T09:23:46+08:00 ]###############

[ 2013-08-06T09:24:34+08:00 ]
运行时间:4.0522317886353

[ 2013-08-06T09:24:34+08:00 ]
内存消耗:141.015625

###############[ 2013-08-06T09:24:34+08:00 ]###############

[ 2013-08-06T09:29:31+08:00 ]
运行时间:4.6572668552399

[ 2013-08-06T09:29:31+08:00 ]
内存消耗:140.515625

###############[ 2013-08-06T09:29:31+08:00 ]###############

[ 2013-08-06T09:31:22+08:00 ]
运行时间:38.317190885544

[ 2013-08-06T09:31:22+08:00 ]
内存消耗:140.484375

###############[ 2013-08-06T09:31:22+08:00 ]###############

[ 2013-08-06T09:35:44+08:00 ]
运行时间:0.15100812911987

[ 2013-08-06T09:35:44+08:00 ]
内存消耗:140.484375

###############[ 2013-08-06T09:35:44+08:00 ]###############

[ 2013-08-06T09:50:10+08:00 ]
运行时间:0.22201299667358

[ 2013-08-06T09:50:10+08:00 ]
内存消耗:140.484375

###############[ 2013-08-06T09:50:10+08:00 ]###############

[ 2013-08-06T10:34:28+08:00 ]
运行时间:0.19501090049744

[ 2013-08-06T10:34:28+08:00 ]
内存消耗:140.484375

###############[ 2013-08-06T10:34:28+08:00 ]###############
